#
# A fatal error has been detected by the Java Runtime Environment:
#
#  EXCEPTION_ACCESS_VIOLATION (0xc0000005) at pc=0x000000005f01f8e7, pid=18424, tid=0x0000000000003dd4
#
# JRE version: Java(TM) SE Runtime Environment (8.0_191-b12) (build 1.8.0_191-b12)
# Java VM: Java HotSpot(TM) 64-Bit Server VM (25.191-b12 mixed mode windows-amd64 compressed oops)
# Problematic frame:
# V  [jvm.dll+0x13f8e7]
#
# Failed to write core dump. Minidumps are not enabled by default on client versions of Windows
#
# If you would like to submit a bug report, please visit:
#   http://bugreport.java.com/bugreport/crash.jsp
#

---------------  T H R E A D  ---------------

Current thread (0x000000001b145800):  JavaThread "BaseCreateLabDeviceConnectivityManager.executorService pool-1-thread-1" daemon [_thread_in_vm, id=15828, stack(0x000000001e210000,0x000000001e310000)]

siginfo: ExceptionCode=0xc0000005, reading address 0x0000000000000000

Registers:
RAX=0x0000000000000000, RBX=0x000000001b145800, RCX=0x0000000000000580, RDX=0x000000001b0a2640
RSP=0x000000001e30dff0, RBP=0x0000000000000000, RSI=0x000000001b0a2640, RDI=0x0000000000000001
R8 =0x0000000000000000, R9 =0x00000000d7072eb0, R10=0x0000000000000060, R11=0x000000005f6f5aa0
R12=0x0000000000000000, R13=0x000000001ddfecc8, R14=0x000000001e30e2e8, R15=0x000000001b145800
RIP=0x000000005f01f8e7, EFLAGS=0x0000000000010202

Top of Stack: (sp=0x000000001e30dff0)
0x000000001e30dff0:   0000fc1b82496f55 000000005f111341
0x000000001e30e000:   0000000000000000 000000001de79808
0x000000001e30e010:   0000000000000000 0000000180001419
0x000000001e30e020:   000000001ddfecc8 000000001e30e0a0
0x000000001e30e030:   000000001de79808 000000001ddfecc8
0x000000001e30e040:   0000fc1b82496f45 00000000030b8c3b
0x000000001e30e050:   000000005f10cb30 00000001800012c2
0x000000001e30e060:   000000005f10cb30 0000000180001289
0x000000001e30e070:   000000001ddfecc8 000000005f10cd48
0x000000001e30e080:   000000001e30f158 000000001e450f00
0x000000001e30e090:   000000001e450cc0 0000000000000014
0x000000001e30e0a0:   0000000000000020 000000000319a3e6
0x000000001e30e0b0:   000000001b145800 000000005f03b729
0x000000001e30e0c0:   000000001e30e070 0000000000000000
0x000000001e30e0d0:   0000000000000000 0000000000000000
0x000000001e30e0e0:   000000001e30e060 0000000000000000 

Instructions: (pc=0x000000005f01f8e7)
0x000000005f01f8c7:   00 00 00 30 74 08 48 8b cb e8 7b 43 10 00 c7 83
0x000000005f01f8d7:   70 02 00 00 06 00 00 00 40 b7 01 48 85 f6 74 60
0x000000005f01f8e7:   48 8b 4d 00 40 32 ff e8 2d 97 f2 ff 48 8b d0 48
0x000000005f01f8f7:   85 c0 74 4c 40 38 3d 9f 51 6d 00 4c 8b 06 74 16 


Register to memory mapping:

RAX=0x0000000000000000 is an unknown value
RBX=0x000000001b145800 is a thread
RCX=0x0000000000000580 is an unknown value
RDX=0x000000001b0a2640 is an unknown value
RSP=0x000000001e30dff0 is pointing into the stack for thread: 0x000000001b145800
RBP=0x0000000000000000 is an unknown value
RSI=0x000000001b0a2640 is an unknown value
RDI=0x0000000000000001 is an unknown value
R8 =0x0000000000000000 is an unknown value
R9 =0x00000000d7072eb0 is an oop
[Ljava.lang.Object; 
 - klass: 'java/lang/Object'[]
 - length: 1
R10=0x0000000000000060 is an unknown value
R11=0x000000005f6f5aa0 is an unknown value
R12=0x0000000000000000 is an unknown value
R13={method} {0x000000001ddfecd0} 'invokeVoid' '(I[Ljava/lang/Object;)V' in 'com/sun/jna/Function'
R14=0x000000001e30e2e8 is pointing into the stack for thread: 0x000000001b145800
R15=0x000000001b145800 is a thread


Stack: [0x000000001e210000,0x000000001e310000],  sp=0x000000001e30dff0,  free space=1015k
Native frames: (J=compiled Java code, j=interpreted, Vv=VM code, C=native code)

Java frames: (J=compiled Java code, j=interpreted, Vv=VM code)
j  com.sun.jna.Function.invokeVoid(I[Ljava/lang/Object;)V+0
J 1482 C1 com.sun.jna.Function.invoke([Ljava/lang/Object;Ljava/lang/Class;Z)Ljava/lang/Object; (1125 bytes) @ 0x00000000035dfa2c [0x00000000035d9040+0x69ec]
J 1301 C1 com.sun.jna.Function.invoke(Ljava/lang/Class;[Ljava/lang/Object;Ljava/util/Map;)Ljava/lang/Object; (526 bytes) @ 0x0000000003515a5c [0x0000000003514720+0x133c]
J 1481 C1 com.sun.jna.Library$Handler.invoke(Ljava/lang/Object;Ljava/lang/reflect/Method;[Ljava/lang/Object;)Ljava/lang/Object; (345 bytes) @ 0x00000000035cbb5c [0x00000000035c9940+0x221c]
j  com.sun.proxy.$Proxy0.HidD_GetHidGuid(Ledu/cmu/ri/createlab/usb/hid/windows/GUID;)V+16
j  edu.cmu.ri.createlab.usb.hid.windows.WindowsHIDDevice.readDeviceInfo()Ledu/cmu/ri/createlab/usb/hid/DeviceInfo;+20
j  edu.cmu.ri.createlab.usb.hid.windows.WindowsHIDDevice.connect(I)V+40
j  edu.cmu.ri.createlab.usb.hid.windows.WindowsHIDDevice.connectExclusively()V+2
j  edu.cmu.ri.createlab.terk.robot.finch.DefaultFinchController.create()Ledu/cmu/ri/createlab/terk/robot/finch/FinchController;+74
j  edu.cmu.ri.createlab.device.connectivity.FinchConnectivityManager.scanForDeviceAndCreateProxy()Ledu/cmu/ri/createlab/device/CreateLabDeviceProxy;+0
j  edu.cmu.ri.createlab.device.connectivity.BaseCreateLabDeviceConnectivityManager$DeviceScanner.run()V+74
J 1849 C2 java.util.concurrent.Executors$RunnableAdapter.call()Ljava/lang/Object; (14 bytes) @ 0x0000000003713618 [0x0000000003713520+0xf8]
j  java.util.concurrent.FutureTask.run()V+42
J 1864 C2 java.util.concurrent.ScheduledThreadPoolExecutor$ScheduledFutureTask.run()V (59 bytes) @ 0x0000000003722234 [0x0000000003722040+0x1f4]
j  java.util.concurrent.ThreadPoolExecutor.runWorker(Ljava/util/concurrent/ThreadPoolExecutor$Worker;)V+95
j  java.util.concurrent.ThreadPoolExecutor$Worker.run()V+5
j  java.lang.Thread.run()V+11
v  ~StubRoutines::call_stub

---------------  P R O C E S S  ---------------

Java Threads: ( => current thread )
  0x000000001b146000 JavaThread "Thread-5" [_thread_blocked, id=15456, stack(0x000000001f460000,0x000000001f560000)]
=>0x000000001b145800 JavaThread "BaseCreateLabDeviceConnectivityManager.executorService pool-1-thread-1" daemon [_thread_in_vm, id=15828, stack(0x000000001e210000,0x000000001e310000)]
  0x000000001b148800 JavaThread "DatasetPlotter.executorService pool-4-thread-1" daemon [_thread_blocked, id=14980, stack(0x000000001e110000,0x000000001e210000)]
  0x000000001b0a5000 JavaThread "DatasetPlotter.executorService pool-3-thread-1" daemon [_thread_blocked, id=13200, stack(0x000000001e010000,0x000000001e110000)]
  0x000000001b0a4800 JavaThread "DatasetPlotter.executorService pool-2-thread-1" daemon [_thread_blocked, id=20236, stack(0x000000001df10000,0x000000001e010000)]
  0x000000001b003000 JavaThread "Thread-3" [_thread_blocked, id=19968, stack(0x000000001da10000,0x000000001db10000)]
  0x000000001af1c800 JavaThread "TimerQueue" daemon [_thread_blocked, id=14232, stack(0x000000001d910000,0x000000001da10000)]
  0x000000001af18000 JavaThread "Thread-2" [_thread_blocked, id=18576, stack(0x000000001d810000,0x000000001d910000)]
  0x0000000002e5d800 JavaThread "DestroyJavaVM" [_thread_blocked, id=18288, stack(0x0000000002ea0000,0x0000000002fa0000)]
  0x000000001aee7000 JavaThread "AWT-EventQueue-0" [_thread_blocked, id=15792, stack(0x000000001c2a0000,0x000000001c3a0000)]
  0x000000001ae0f000 JavaThread "AWT-Shutdown" [_thread_blocked, id=7628, stack(0x000000001b680000,0x000000001b780000)]
  0x000000001ae0e800 JavaThread "Java2D Disposer" daemon [_thread_blocked, id=6024, stack(0x000000001b580000,0x000000001b680000)]
  0x0000000019e12800 JavaThread "Service Thread" daemon [_thread_blocked, id=17440, stack(0x000000001aa40000,0x000000001ab40000)]
  0x0000000019d8d000 JavaThread "C1 CompilerThread3" daemon [_thread_blocked, id=19352, stack(0x000000001a940000,0x000000001aa40000)]
  0x0000000019d85800 JavaThread "C2 CompilerThread2" daemon [_thread_blocked, id=696, stack(0x000000001a840000,0x000000001a940000)]
  0x0000000019d7e000 JavaThread "C2 CompilerThread1" daemon [_thread_blocked, id=10652, stack(0x000000001a740000,0x000000001a840000)]
  0x0000000019d7a000 JavaThread "C2 CompilerThread0" daemon [_thread_blocked, id=13856, stack(0x000000001a640000,0x000000001a740000)]
  0x0000000019d79000 JavaThread "Attach Listener" daemon [_thread_blocked, id=14844, stack(0x000000001a540000,0x000000001a640000)]
  0x0000000019d78000 JavaThread "Signal Dispatcher" daemon [_thread_blocked, id=14780, stack(0x000000001a440000,0x000000001a540000)]
  0x000000000309a800 JavaThread "Finalizer" daemon [_thread_blocked, id=19376, stack(0x000000001a250000,0x000000001a350000)]
  0x0000000019d70800 JavaThread "Reference Handler" daemon [_thread_blocked, id=19656, stack(0x000000001a150000,0x000000001a250000)]

Other Threads:
  0x0000000017f58800 VMThread [stack: 0x0000000019c50000,0x0000000019d50000] [id=14316]
  0x0000000019e34000 WatcherThread [stack: 0x000000001ab40000,0x000000001ac40000] [id=15080]

VM state:not at safepoint (normal execution)

VM Mutex/Monitor currently owned by a thread: None

Heap:
 PSYoungGen      total 629760K, used 601647K [0x00000000d6500000, 0x0000000100000000, 0x0000000100000000)
  eden space 577536K, 98% used [0x00000000d6500000,0x00000000f91cbdc0,0x00000000f9900000)
  from space 52224K, 60% used [0x00000000fcd00000,0x00000000febc0000,0x0000000100000000)
  to   space 52736K, 0% used [0x00000000f9900000,0x00000000f9900000,0x00000000fcc80000)
 ParOldGen       total 86016K, used 66531K [0x0000000082e00000, 0x0000000088200000, 0x00000000d6500000)
  object space 86016K, 77% used [0x0000000082e00000,0x0000000086ef8fa0,0x0000000088200000)
 Metaspace       used 16079K, capacity 16310K, committed 16640K, reserved 1064960K
  class space    used 1939K, capacity 2035K, committed 2048K, reserved 1048576K

Card table byte_map: [0x0000000012460000,0x0000000012850000] byte_map_base: 0x0000000012049000

Marking Bits: (ParMarkBitMap*) 0x000000005f703e30
 Begin Bits: [0x00000000132f0000, 0x0000000015238000)
 End Bits:   [0x0000000015238000, 0x0000000017180000)

Polling page: 0x00000000015c0000

CodeCache: size=245760Kb used=7097Kb max_used=7110Kb free=238662Kb
 bounds [0x00000000030a0000, 0x00000000037a0000, 0x00000000120a0000]
 total_blobs=2456 nmethods=1924 adapters=444
 compilation: enabled

Compilation events (10 events):
Event: 30.360 Thread 0x0000000019d7e000 nmethod 1934 0x00000000032551d0 code [0x0000000003255320, 0x0000000003255398]
Event: 30.375 Thread 0x0000000019d85800 1935   !   4       sun.java2d.SunGraphics2D::validateCompClip (224 bytes)
Event: 30.382 Thread 0x0000000019d85800 nmethod 1935 0x0000000003794490 code [0x0000000003794680, 0x0000000003794e90]
Event: 30.557 Thread 0x0000000019d7a000 1936       4       sun.java2d.SunGraphics2D::dispose (12 bytes)
Event: 30.558 Thread 0x0000000019d7a000 nmethod 1936 0x00000000031a1a10 code [0x00000000031a1b40, 0x00000000031a1bd8]
Event: 30.608 Thread 0x0000000019d7e000 1937       4       sun.font.TrueTypeGlyphMapper::charsToGlyphsNS (199 bytes)
Event: 30.615 Thread 0x0000000019d7e000 nmethod 1937 0x0000000003261e50 code [0x0000000003261fa0, 0x0000000003262538]
Event: 30.900 Thread 0x0000000019d85800 1938       4       sun.font.FileFontStrike::getGlyphImagePtrs (110 bytes)
Event: 30.906 Thread 0x0000000019d85800 nmethod 1938 0x00000000037958d0 code [0x0000000003795a20, 0x0000000003795ef8]
Event: 31.015 Thread 0x0000000019d7a000 1939       4       Main.MazeArea::fill (65 bytes)

GC Heap History (10 events):
Event: 25.240 GC heap before
{Heap before GC invocations=16 (full 0):
 PSYoungGen      total 628224K, used 628224K [0x00000000d6500000, 0x0000000100000000, 0x0000000100000000)
  eden space 595968K, 100% used [0x00000000d6500000,0x00000000fab00000,0x00000000fab00000)
  from space 32256K, 100% used [0x00000000fab00000,0x00000000fca80000,0x00000000fca80000)
  to   space 46592K, 0% used [0x00000000fd280000,0x00000000fd280000,0x0000000100000000)
 ParOldGen       total 86016K, used 66347K [0x0000000082e00000, 0x0000000088200000, 0x00000000d6500000)
  object space 86016K, 77% used [0x0000000082e00000,0x0000000086ecafa0,0x0000000088200000)
 Metaspace       used 16045K, capacity 16310K, committed 16640K, reserved 1064960K
  class space    used 1937K, capacity 2035K, committed 2048K, reserved 1048576K
Event: 25.371 GC heap after
Heap after GC invocations=16 (full 0):
 PSYoungGen      total 631296K, used 32384K [0x00000000d6500000, 0x0000000100000000, 0x0000000100000000)
  eden space 584704K, 0% used [0x00000000d6500000,0x00000000d6500000,0x00000000fa000000)
  from space 46592K, 69% used [0x00000000fd280000,0x00000000ff220000,0x0000000100000000)
  to   space 49152K, 0% used [0x00000000fa000000,0x00000000fa000000,0x00000000fd000000)
 ParOldGen       total 86016K, used 66395K [0x0000000082e00000, 0x0000000088200000, 0x00000000d6500000)
  object space 86016K, 77% used [0x0000000082e00000,0x0000000086ed6fa0,0x0000000088200000)
 Metaspace       used 16045K, capacity 16310K, committed 16640K, reserved 1064960K
  class space    used 1937K, capacity 2035K, committed 2048K, reserved 1048576K
}
Event: 26.418 GC heap before
{Heap before GC invocations=17 (full 0):
 PSYoungGen      total 631296K, used 617088K [0x00000000d6500000, 0x0000000100000000, 0x0000000100000000)
  eden space 584704K, 100% used [0x00000000d6500000,0x00000000fa000000,0x00000000fa000000)
  from space 46592K, 69% used [0x00000000fd280000,0x00000000ff220000,0x0000000100000000)
  to   space 49152K, 0% used [0x00000000fa000000,0x00000000fa000000,0x00000000fd000000)
 ParOldGen       total 86016K, used 66395K [0x0000000082e00000, 0x0000000088200000, 0x00000000d6500000)
  object space 86016K, 77% used [0x0000000082e00000,0x0000000086ed6fa0,0x0000000088200000)
 Metaspace       used 16045K, capacity 16310K, committed 16640K, reserved 1064960K
  class space    used 1937K, capacity 2035K, committed 2048K, reserved 1048576K
Event: 26.542 GC heap after
Heap after GC invocations=17 (full 0):
 PSYoungGen      total 616960K, used 31776K [0x00000000d6500000, 0x0000000100000000, 0x0000000100000000)
  eden space 584704K, 0% used [0x00000000d6500000,0x00000000d6500000,0x00000000fa000000)
  from space 32256K, 98% used [0x00000000fa000000,0x00000000fbf08000,0x00000000fbf80000)
  to   space 50688K, 0% used [0x00000000fce80000,0x00000000fce80000,0x0000000100000000)
 ParOldGen       total 86016K, used 66435K [0x0000000082e00000, 0x0000000088200000, 0x00000000d6500000)
  object space 86016K, 77% used [0x0000000082e00000,0x0000000086ee0fa0,0x0000000088200000)
 Metaspace       used 16045K, capacity 16310K, committed 16640K, reserved 1064960K
  class space    used 1937K, capacity 2035K, committed 2048K, reserved 1048576K
}
Event: 27.561 GC heap before
{Heap before GC invocations=18 (full 0):
 PSYoungGen      total 616960K, used 616480K [0x00000000d6500000, 0x0000000100000000, 0x0000000100000000)
  eden space 584704K, 100% used [0x00000000d6500000,0x00000000fa000000,0x00000000fa000000)
  from space 32256K, 98% used [0x00000000fa000000,0x00000000fbf08000,0x00000000fbf80000)
  to   space 50688K, 0% used [0x00000000fce80000,0x00000000fce80000,0x0000000100000000)
 ParOldGen       total 86016K, used 66435K [0x0000000082e00000, 0x0000000088200000, 0x00000000d6500000)
  object space 86016K, 77% used [0x0000000082e00000,0x0000000086ee0fa0,0x0000000088200000)
 Metaspace       used 16046K, capacity 16310K, committed 16640K, reserved 1064960K
  class space    used 1937K, capacity 2035K, committed 2048K, reserved 1048576K
Event: 27.689 GC heap after
Heap after GC invocations=18 (full 0):
 PSYoungGen      total 630272K, used 31808K [0x00000000d6500000, 0x0000000100000000, 0x0000000100000000)
  eden space 579584K, 0% used [0x00000000d6500000,0x00000000d6500000,0x00000000f9b00000)
  from space 50688K, 62% used [0x00000000fce80000,0x00000000fed90000,0x0000000100000000)
  to   space 51712K, 0% used [0x00000000f9b00000,0x00000000f9b00000,0x00000000fcd80000)
 ParOldGen       total 86016K, used 66467K [0x0000000082e00000, 0x0000000088200000, 0x00000000d6500000)
  object space 86016K, 77% used [0x0000000082e00000,0x0000000086ee8fa0,0x0000000088200000)
 Metaspace       used 16046K, capacity 16310K, committed 16640K, reserved 1064960K
  class space    used 1937K, capacity 2035K, committed 2048K, reserved 1048576K
}
Event: 28.731 GC heap before
{Heap before GC invocations=19 (full 0):
 PSYoungGen      total 630272K, used 611392K [0x00000000d6500000, 0x0000000100000000, 0x0000000100000000)
  eden space 579584K, 100% used [0x00000000d6500000,0x00000000f9b00000,0x00000000f9b00000)
  from space 50688K, 62% used [0x00000000fce80000,0x00000000fed90000,0x0000000100000000)
  to   space 51712K, 0% used [0x00000000f9b00000,0x00000000f9b00000,0x00000000fcd80000)
 ParOldGen       total 86016K, used 66467K [0x0000000082e00000, 0x0000000088200000, 0x00000000d6500000)
  object space 86016K, 77% used [0x0000000082e00000,0x0000000086ee8fa0,0x0000000088200000)
 Metaspace       used 16048K, capacity 16310K, committed 16640K, reserved 1064960K
  class space    used 1937K, capacity 2035K, committed 2048K, reserved 1048576K
Event: 28.852 GC heap after
Heap after GC invocations=19 (full 0):
 PSYoungGen      total 611328K, used 31456K [0x00000000d6500000, 0x0000000100000000, 0x0000000100000000)
  eden space 579584K, 0% used [0x00000000d6500000,0x00000000d6500000,0x00000000f9b00000)
  from space 31744K, 99% used [0x00000000f9b00000,0x00000000fb9b8000,0x00000000fba00000)
  to   space 52224K, 0% used [0x00000000fcd00000,0x00000000fcd00000,0x0000000100000000)
 ParOldGen       total 86016K, used 66499K [0x0000000082e00000, 0x0000000088200000, 0x00000000d6500000)
  object space 86016K, 77% used [0x0000000082e00000,0x0000000086ef0fa0,0x0000000088200000)
 Metaspace       used 16048K, capacity 16310K, committed 16640K, reserved 1064960K
  class space    used 1937K, capacity 2035K, committed 2048K, reserved 1048576K
}
Event: 29.871 GC heap before
{Heap before GC invocations=20 (full 0):
 PSYoungGen      total 611328K, used 611040K [0x00000000d6500000, 0x0000000100000000, 0x0000000100000000)
  eden space 579584K, 100% used [0x00000000d6500000,0x00000000f9b00000,0x00000000f9b00000)
  from space 31744K, 99% used [0x00000000f9b00000,0x00000000fb9b8000,0x00000000fba00000)
  to   space 52224K, 0% used [0x00000000fcd00000,0x00000000fcd00000,0x0000000100000000)
 ParOldGen       total 86016K, used 66499K [0x0000000082e00000, 0x0000000088200000, 0x00000000d6500000)
  object space 86016K, 77% used [0x0000000082e00000,0x0000000086ef0fa0,0x0000000088200000)
 Metaspace       used 16048K, capacity 16310K, committed 16640K, reserved 1064960K
  class space    used 1937K, capacity 2035K, committed 2048K, reserved 1048576K
Event: 29.997 GC heap after
Heap after GC invocations=20 (full 0):
 PSYoungGen      total 629760K, used 31488K [0x00000000d6500000, 0x0000000100000000, 0x0000000100000000)
  eden space 577536K, 0% used [0x00000000d6500000,0x00000000d6500000,0x00000000f9900000)
  from space 52224K, 60% used [0x00000000fcd00000,0x00000000febc0000,0x0000000100000000)
  to   space 52736K, 0% used [0x00000000f9900000,0x00000000f9900000,0x00000000fcc80000)
 ParOldGen       total 86016K, used 66531K [0x0000000082e00000, 0x0000000088200000, 0x00000000d6500000)
  object space 86016K, 77% used [0x0000000082e00000,0x0000000086ef8fa0,0x0000000088200000)
 Metaspace       used 16048K, capacity 16310K, committed 16640K, reserved 1064960K
  class space    used 1937K, capacity 2035K, committed 2048K, reserved 1048576K
}

Deoptimization events (10 events):
Event: 16.544 Thread 0x000000001aee7000 Uncommon trap: reason=unstable_if action=reinterpret pc=0x0000000003554b14 method=java.util.Hashtable.put(Ljava/lang/Object;Ljava/lang/Object;)Ljava/lang/Object; @ 63
Event: 16.674 Thread 0x000000001ae0e800 Uncommon trap: reason=unstable_if action=reinterpret pc=0x00000000036753f4 method=java.util.Hashtable.remove(Ljava/lang/Object;)Ljava/lang/Object; @ 51
Event: 19.963 Thread 0x000000001b145800 Uncommon trap: reason=null_check action=make_not_entrant pc=0x00000000036e9edc method=com.sun.jna.Native.getNativeSize(Ljava/lang/Class;)I @ 22
Event: 24.989 Thread 0x000000001b145800 Uncommon trap: reason=null_check action=make_not_entrant pc=0x0000000003757ffc method=com.sun.jna.Native.getNativeSize(Ljava/lang/Class;Ljava/lang/Object;)I @ 82
Event: 24.990 Thread 0x000000001b145800 Uncommon trap: reason=null_check action=make_not_entrant pc=0x0000000003756d74 method=com.sun.jna.Structure.readField(Lcom/sun/jna/Structure$StructField;)Ljava/lang/Object; @ 51
Event: 24.990 Thread 0x000000001b145800 Uncommon trap: reason=null_check action=make_not_entrant pc=0x0000000003766a20 method=com.sun.jna.Pointer.getValue(JLjava/lang/Class;Ljava/lang/Object;)Ljava/lang/Object; @ 25
Event: 25.996 Thread 0x000000001b145800 Uncommon trap: reason=null_check action=make_not_entrant pc=0x000000000374f734 method=com.sun.jna.Structure.readField(Lcom/sun/jna/Structure$StructField;)Ljava/lang/Object; @ 79
Event: 25.996 Thread 0x000000001b145800 Uncommon trap: reason=null_check action=make_not_entrant pc=0x00000000037775a0 method=com.sun.jna.Structure.readField(Lcom/sun/jna/Structure$StructField;)Ljava/lang/Object; @ 79
Event: 30.998 Thread 0x000000001b142000 Uncommon trap: reason=unstable_if action=reinterpret pc=0x000000000363db0c method=java.lang.reflect.Field.get(Ljava/lang/Object;)Ljava/lang/Object; @ 4
Event: 30.998 Thread 0x000000001b142000 Uncommon trap: reason=unstable_if action=reinterpret pc=0x00000000034db5ac method=java.lang.reflect.Field.getFieldAccessor(Ljava/lang/Object;)Lsun/reflect/FieldAccessor; @ 22

Classes redefined (0 events):
No events

Internal exceptions (10 events):
Event: 16.371 Thread 0x000000001aee7000 Implicit null exception at 0x00000000035985fd to 0x0000000003599356
Event: 16.371 Thread 0x000000001aee7000 Exception <a 'java/lang/NullPointerException'> (0x00000000d69538f8) thrown at [C:\re\workspace\8-2-build-windows-amd64-cygwin\jdk8u191\11896\hotspot\src\share\vm\runtime\sharedRuntime.cpp, line 605]
Event: 16.372 Thread 0x000000001aee7000 Implicit null exception at 0x00000000035985fd to 0x0000000003599356
Event: 16.372 Thread 0x000000001aee7000 Exception <a 'java/lang/NullPointerException'> (0x00000000d6953ce8) thrown at [C:\re\workspace\8-2-build-windows-amd64-cygwin\jdk8u191\11896\hotspot\src\share\vm\runtime\sharedRuntime.cpp, line 605]
Event: 16.372 Thread 0x000000001aee7000 Implicit null exception at 0x00000000035985fd to 0x0000000003599356
Event: 16.372 Thread 0x000000001aee7000 Exception <a 'java/lang/NullPointerException'> (0x00000000d69540d8) thrown at [C:\re\workspace\8-2-build-windows-amd64-cygwin\jdk8u191\11896\hotspot\src\share\vm\runtime\sharedRuntime.cpp, line 605]
Event: 16.372 Thread 0x000000001aee7000 Implicit null exception at 0x00000000035985fd to 0x0000000003599356
Event: 16.372 Thread 0x000000001aee7000 Exception <a 'java/lang/NullPointerException'> (0x00000000d69544c8) thrown at [C:\re\workspace\8-2-build-windows-amd64-cygwin\jdk8u191\11896\hotspot\src\share\vm\runtime\sharedRuntime.cpp, line 605]
Event: 16.372 Thread 0x000000001aee7000 Implicit null exception at 0x00000000035985fd to 0x0000000003599356
Event: 16.372 Thread 0x000000001aee7000 Exception <a 'java/lang/NullPointerException'> (0x00000000d69548b8) thrown at [C:\re\workspace\8-2-build-windows-amd64-cygwin\jdk8u191\11896\hotspot\src\share\vm\runtime\sharedRuntime.cpp, line 605]

Events (10 events):
Event: 30.998 Thread 0x000000001b142000 DEOPT UNPACKING pc=0x00000000030e583b sp=0x000000002466f078 mode 2
Event: 30.999 loading class java/lang/ProcessBuilder
Event: 30.999 loading class java/lang/ProcessBuilder done
Event: 30.999 loading class java/lang/ProcessImpl
Event: 30.999 loading class java/lang/Process
Event: 30.999 loading class java/lang/Process done
Event: 30.999 loading class java/lang/ProcessImpl done
Event: 31.011 loading class java/lang/ProcessImpl$2
Event: 31.011 loading class java/lang/ProcessImpl$2 done
Event: 31.012 Thread 0x000000001b142000 Thread exited: 0x000000001b142000


Dynamic libraries:
0x00007ff6ad170000 - 0x00007ff6ad1a7000 	C:\Program Files\Java\jdk1.8.0_191\bin\javaw.exe
0x00007fff8cc20000 - 0x00007fff8ce01000 	C:\Windows\SYSTEM32\ntdll.dll
0x00007fff6f9e0000 - 0x00007fff6f9f2000 	C:\Program Files (x86)\AVG\Antivirus\aswhook.dll
0x00007fff8c760000 - 0x00007fff8c811000 	C:\Windows\System32\KERNEL32.DLL
0x00007fff89c00000 - 0x00007fff89e73000 	C:\Windows\System32\KERNELBASE.dll
0x00007fff8a0b0000 - 0x00007fff8a151000 	C:\Windows\System32\ADVAPI32.dll
0x00007fff8ca60000 - 0x00007fff8cafe000 	C:\Windows\System32\msvcrt.dll
0x00007fff8a850000 - 0x00007fff8a8ab000 	C:\Windows\System32\sechost.dll
0x00007fff8a170000 - 0x00007fff8a294000 	C:\Windows\System32\RPCRT4.dll
0x00007fff8c820000 - 0x00007fff8c9b0000 	C:\Windows\System32\USER32.dll
0x00007fff897b0000 - 0x00007fff897d0000 	C:\Windows\System32\win32u.dll
0x00007fff8c9b0000 - 0x00007fff8c9d8000 	C:\Windows\System32\GDI32.dll
0x00007fff89870000 - 0x00007fff89a02000 	C:\Windows\System32\gdi32full.dll
0x00007fff897d0000 - 0x00007fff8986f000 	C:\Windows\System32\msvcp_win.dll
0x00007fff89fb0000 - 0x00007fff8a0a8000 	C:\Windows\System32\ucrtbase.dll
0x00007fff709d0000 - 0x00007fff70c39000 	C:\Windows\WinSxS\amd64_microsoft.windows.common-controls_6595b64144ccf1df_6.0.17134.706_none_fb43a2cb30647007\COMCTL32.dll
0x00007fff8a910000 - 0x00007fff8ac32000 	C:\Windows\System32\combase.dll
0x00007fff89f30000 - 0x00007fff89faa000 	C:\Windows\System32\bcryptPrimitives.dll
0x00007fff8cb00000 - 0x00007fff8cb2d000 	C:\Windows\System32\IMM32.DLL
0x000000005ec40000 - 0x000000005ed12000 	C:\Program Files\Java\jdk1.8.0_191\jre\bin\msvcr100.dll
0x000000005eee0000 - 0x000000005f784000 	C:\Program Files\Java\jdk1.8.0_191\jre\bin\server\jvm.dll
0x00007fff8a160000 - 0x00007fff8a168000 	C:\Windows\System32\PSAPI.DLL
0x00007fff70f00000 - 0x00007fff70f09000 	C:\Windows\SYSTEM32\WSOCK32.dll
0x00007fff8c630000 - 0x00007fff8c69c000 	C:\Windows\System32\WS2_32.dll
0x00007fff87620000 - 0x00007fff87643000 	C:\Windows\SYSTEM32\WINMM.dll
0x00007fff7fca0000 - 0x00007fff7fcaa000 	C:\Windows\SYSTEM32\VERSION.dll
0x00007fff875f0000 - 0x00007fff8761a000 	C:\Windows\SYSTEM32\WINMMBASE.dll
0x00007fff88ff0000 - 0x00007fff89039000 	C:\Windows\System32\cfgmgr32.dll
0x000000005edf0000 - 0x000000005edff000 	C:\Program Files\Java\jdk1.8.0_191\jre\bin\verify.dll
0x000000005edc0000 - 0x000000005ede9000 	C:\Program Files\Java\jdk1.8.0_191\jre\bin\java.dll
0x000000005eda0000 - 0x000000005edb6000 	C:\Program Files\Java\jdk1.8.0_191\jre\bin\zip.dll
0x00007fff8af80000 - 0x00007fff8c3c0000 	C:\Windows\System32\SHELL32.dll
0x00007fff8cb30000 - 0x00007fff8cbd9000 	C:\Windows\System32\shcore.dll
0x00007fff890a0000 - 0x00007fff897ad000 	C:\Windows\System32\windows.storage.dll
0x00007fff8ade0000 - 0x00007fff8ae31000 	C:\Windows\System32\shlwapi.dll
0x00007fff88fd0000 - 0x00007fff88fe1000 	C:\Windows\System32\kernel.appcore.dll
0x00007fff88f90000 - 0x00007fff88faf000 	C:\Windows\System32\profapi.dll
0x00007fff88f40000 - 0x00007fff88f8c000 	C:\Windows\System32\powrprof.dll
0x00007fff88f30000 - 0x00007fff88f3a000 	C:\Windows\System32\FLTLIB.DLL
0x000000005eaa0000 - 0x000000005ec39000 	C:\Program Files\Java\jdk1.8.0_191\jre\bin\awt.dll
0x00007fff8aeb0000 - 0x00007fff8af72000 	C:\Windows\System32\OLEAUT32.dll
0x00007fff86ec0000 - 0x00007fff86f4b000 	C:\Windows\SYSTEM32\apphelp.dll
0x00007fff87040000 - 0x00007fff87069000 	C:\Windows\system32\DWMAPI.DLL
0x00007fff86f70000 - 0x00007fff87008000 	C:\Windows\system32\uxtheme.dll
0x00007fff8c3c0000 - 0x00007fff8c533000 	C:\Windows\System32\MSCTF.dll
0x00007fff8a6f0000 - 0x00007fff8a841000 	C:\Windows\System32\ole32.dll
0x000000005ea50000 - 0x000000005ea97000 	C:\Program Files\Java\jdk1.8.0_191\jre\bin\fontmanager.dll
0x00007fff6cdc0000 - 0x00007fff6cee0000 	C:\Windows\system32\opengl32.dll
0x00007fff6cd50000 - 0x00007fff6cd7c000 	C:\Windows\SYSTEM32\GLU32.dll
0x000000005ed80000 - 0x000000005ed9a000 	C:\Program Files\Java\jdk1.8.0_191\jre\bin\net.dll
0x00007fff887b0000 - 0x00007fff88816000 	C:\Windows\system32\mswsock.dll
0x000000005ed60000 - 0x000000005ed71000 	C:\Program Files\Java\jdk1.8.0_191\jre\bin\nio.dll
0x000000005ea00000 - 0x000000005ea42000 	C:\Program Files\Java\jdk1.8.0_191\jre\bin\t2k.dll
0x00007fff8c6c0000 - 0x00007fff8c760000 	C:\Windows\System32\clbcatq.dll
0x00007fff7d580000 - 0x00007fff7d72e000 	C:\Windows\SYSTEM32\WindowsCodecs.dll
0x00007fff73be0000 - 0x00007fff73c76000 	C:\Windows\System32\TextInputFramework.dll
0x00007fff7d0a0000 - 0x00007fff7d3be000 	C:\Windows\System32\CoreUIComponents.dll
0x00007fff86cc0000 - 0x00007fff86d9a000 	C:\Windows\System32\CoreMessaging.dll
0x00007fff88020000 - 0x00007fff88051000 	C:\Windows\SYSTEM32\ntmarta.dll
0x00007fff812a0000 - 0x00007fff813ed000 	C:\Windows\SYSTEM32\wintypes.dll
0x00007fff88960000 - 0x00007fff88977000 	C:\Windows\SYSTEM32\CRYPTSP.dll
0x00007fff88390000 - 0x00007fff883c3000 	C:\Windows\system32\rsaenh.dll
0x00007fff88a90000 - 0x00007fff88ab5000 	C:\Windows\SYSTEM32\bcrypt.dll
0x00007fff88e60000 - 0x00007fff88e88000 	C:\Windows\SYSTEM32\USERENV.dll
0x00007fff88980000 - 0x00007fff8898b000 	C:\Windows\SYSTEM32\CRYPTBASE.dll
0x00007fff88530000 - 0x00007fff88568000 	C:\Windows\SYSTEM32\IPHLPAPI.DLL
0x00007fff8cbe0000 - 0x00007fff8cbe8000 	C:\Windows\System32\NSI.dll
0x00007fff7fd20000 - 0x00007fff7fd36000 	C:\Windows\SYSTEM32\dhcpcsvc6.DLL
0x00007fff806c0000 - 0x00007fff806da000 	C:\Windows\SYSTEM32\dhcpcsvc.DLL
0x0000000180000000 - 0x0000000180037000 	C:\Users\Seb\AppData\Local\Temp\jna1017883450275238829.dll
0x00007fff878d0000 - 0x00007fff878dc000 	C:\Windows\SYSTEM32\hid.dll
0x00007fff8a2a0000 - 0x00007fff8a6eb000 	C:\Windows\System32\setupapi.dll
0x00007fff88d40000 - 0x00007fff88d67000 	C:\Windows\System32\DEVOBJ.dll
0x00007fff89040000 - 0x00007fff89097000 	C:\Windows\System32\WINTRUST.dll
0x00007fff88fb0000 - 0x00007fff88fc2000 	C:\Windows\System32\MSASN1.dll
0x00007fff89a10000 - 0x00007fff89bf2000 	C:\Windows\System32\CRYPT32.dll
0x00007fff87980000 - 0x00007fff87b49000 	C:\Windows\SYSTEM32\dbghelp.dll

VM Arguments:
jvm_args: -Djava.library.path=C:\Users\Seb\University\Disso\Seb\opencv\build\java\x64 -Dfile.encoding=Cp1252 
java_command: Main.MainGenerator
java_class_path (initial): C:\Users\Seb\git\repository\MazeGenerator\bin;C:\Users\Seb\University\Disso\Seb\opencv\build\java\opencv-2413.jar;C:\Users\Seb\Downloads\FinchJavaEclipseWin (1)\Windows\FinchEclipse\lib\finch.jar
Launcher Type: SUN_STANDARD

Environment Variables:
PATH=C:/Program Files/Java/jdk1.8.0_191/jre/bin/server;C:/Program Files/Java/jdk1.8.0_191/jre/bin;C:/Program Files/Java/jdk1.8.0_191/jre/lib/amd64;C:\Program Files (x86)\Intel\Intel(R) Management Engine Components\iCLS\;C:\Program Files\Intel\Intel(R) Management Engine Components\iCLS\;C:\Windows\system32;C:\Windows;C:\Windows\System32\Wbem;C:\Windows\System32\WindowsPowerShell\v1.0\;C:\Windows\System32\OpenSSH\;C:\Program Files (x86)\Intel\Intel(R) Management Engine Components\DAL;C:\Program Files\Intel\Intel(R) Management Engine Components\DAL;C:\Program Files\dotnet\;C:\Program Files\nodejs\;C:\Program Files\Git\cmd;C:\Users\Seb\AppData\Local\Microsoft\WindowsApps;C:\Users\Seb\AppData\Roaming\npm;C:\Windows\system32;
USERNAME=Seb
OS=Windows_NT
PROCESSOR_IDENTIFIER=Intel64 Family 6 Model 142 Stepping 10, GenuineIntel



---------------  S Y S T E M  ---------------

OS: Windows 10.0 , 64 bit Build 17134 (10.0.17134.706)

CPU:total 8 (initial active 8) (4 cores per cpu, 2 threads per core) family 6 model 142 stepping 10, cmov, cx8, fxsr, mmx, sse, sse2, sse3, ssse3, sse4.1, sse4.2, popcnt, avx, avx2, aes, clmul, erms, 3dnowpref, lzcnt, ht, tsc, tscinvbit, bmi1, bmi2, adx

Memory: 4k page, physical 8192040k(2633684k free), swap 11337768k(2542140k free)

vm_info: Java HotSpot(TM) 64-Bit Server VM (25.191-b12) for windows-amd64 JRE (1.8.0_191-b12), built on Oct  6 2018 09:29:03 by "java_re" with MS VC++ 10.0 (VS2010)

time: Fri Apr 26 15:20:08 2019
elapsed time: 31 seconds (0d 0h 0m 31s)

