#
# A fatal error has been detected by the Java Runtime Environment:
#
#  EXCEPTION_ACCESS_VIOLATION (0xc0000005) at pc=0x000000005f01f8e7, pid=19932, tid=0x0000000000004aa8
#
# JRE version: Java(TM) SE Runtime Environment (8.0_191-b12) (build 1.8.0_191-b12)
# Java VM: Java HotSpot(TM) 64-Bit Server VM (25.191-b12 mixed mode windows-amd64 compressed oops)
# Problematic frame:
# V  [jvm.dll+0x13f8e7]
#
# Failed to write core dump. Minidumps are not enabled by default on client versions of Windows
#
# If you would like to submit a bug report, please visit:
#   http://bugreport.java.com/bugreport/crash.jsp
#

---------------  T H R E A D  ---------------

Current thread (0x000000001afa4000):  JavaThread "BaseCreateLabDeviceConnectivityManager.executorService pool-1-thread-1" daemon [_thread_in_vm, id=19112, stack(0x000000001e030000,0x000000001e130000)]

siginfo: ExceptionCode=0xc0000005, reading address 0x0000000000000000

Registers:
RAX=0x0000000000000000, RBX=0x000000001afa4000, RCX=0x0000000000000400, RDX=0x000000001af446a0
RSP=0x000000001e12e5c0, RBP=0x0000000000000000, RSI=0x000000001af446a0, RDI=0x0000000000000001
R8 =0x0000000000000000, R9 =0x00000000d6da5340, R10=0x000000000000002e, R11=0x000000005f6f5aa0
R12=0x0000000000000000, R13=0x000000001dc1ecc8, R14=0x000000001e12e8b8, R15=0x000000001afa4000
RIP=0x000000005f01f8e7, EFLAGS=0x0000000000010206

Top of Stack: (sp=0x000000001e12e5c0)
0x000000001e12e5c0:   0000fc1c84672d8a 0000000000000010
0x000000001e12e5d0:   0000000000000000 000000001dc98b30
0x000000001e12e5e0:   0000000000000000 0000000180001419
0x000000001e12e5f0:   000000001dc1ecc8 000000001e12e670
0x000000001e12e600:   000000001dc98b30 000000001dc1ecc8
0x000000001e12e610:   000000001e12eed0 0000000002e48c3b
0x000000001e12e620:   000000005f10cb30 00000001800012c2
0x000000001e12e630:   000000005f10cb30 0000000180001289
0x000000001e12e640:   000000001dc1ecc8 00000000d85b91a0
0x000000001e12e650:   00000000d85b9010 00000000d6da4e58
0x000000001e12e660:   000000001afa41f8 000000001e12e6b8
0x000000001e12e670:   000000001e1fbd50 0000000000000010
0x000000001e12e680:   00000000d85b9010 0000000003410ca4
0x000000001e12e690:   000000001e12e640 0000000000000000
0x000000001e12e6a0:   0000000000000000 0000000000000000
0x000000001e12e6b0:   000000001e12e630 0000000083b158a0 

Instructions: (pc=0x000000005f01f8e7)
0x000000005f01f8c7:   00 00 00 30 74 08 48 8b cb e8 7b 43 10 00 c7 83
0x000000005f01f8d7:   70 02 00 00 06 00 00 00 40 b7 01 48 85 f6 74 60
0x000000005f01f8e7:   48 8b 4d 00 40 32 ff e8 2d 97 f2 ff 48 8b d0 48
0x000000005f01f8f7:   85 c0 74 4c 40 38 3d 9f 51 6d 00 4c 8b 06 74 16 


Register to memory mapping:

RAX=0x0000000000000000 is an unknown value
RBX=0x000000001afa4000 is a thread
RCX=0x0000000000000400 is an unknown value
RDX=0x000000001af446a0 is an unknown value
RSP=0x000000001e12e5c0 is pointing into the stack for thread: 0x000000001afa4000
RBP=0x0000000000000000 is an unknown value
RSI=0x000000001af446a0 is an unknown value
RDI=0x0000000000000001 is an unknown value
R8 =0x0000000000000000 is an unknown value
R9 =0x00000000d6da5340 is an oop
[Ljava.lang.Object; 
 - klass: 'java/lang/Object'[]
 - length: 1
R10=0x000000000000002e is an unknown value
R11=0x000000005f6f5aa0 is an unknown value
R12=0x0000000000000000 is an unknown value
R13={method} {0x000000001dc1ecd0} 'invokeVoid' '(I[Ljava/lang/Object;)V' in 'com/sun/jna/Function'
R14=0x000000001e12e8b8 is pointing into the stack for thread: 0x000000001afa4000
R15=0x000000001afa4000 is a thread


Stack: [0x000000001e030000,0x000000001e130000],  sp=0x000000001e12e5c0,  free space=1017k
Native frames: (J=compiled Java code, j=interpreted, Vv=VM code, C=native code)

Java frames: (J=compiled Java code, j=interpreted, Vv=VM code)
j  com.sun.jna.Function.invokeVoid(I[Ljava/lang/Object;)V+0
J 1511 C1 com.sun.jna.Function.invoke([Ljava/lang/Object;Ljava/lang/Class;Z)Ljava/lang/Object; (1125 bytes) @ 0x00000000033796ec [0x0000000003372d00+0x69ec]
J 1334 C1 com.sun.jna.Function.invoke(Ljava/lang/Class;[Ljava/lang/Object;Ljava/util/Map;)Ljava/lang/Object; (526 bytes) @ 0x000000000329cc5c [0x000000000329b920+0x133c]
J 1510 C1 com.sun.jna.Library$Handler.invoke(Ljava/lang/Object;Ljava/lang/reflect/Method;[Ljava/lang/Object;)Ljava/lang/Object; (345 bytes) @ 0x00000000033643dc [0x00000000033621c0+0x221c]
j  com.sun.proxy.$Proxy0.HidD_GetHidGuid(Ledu/cmu/ri/createlab/usb/hid/windows/GUID;)V+16
j  edu.cmu.ri.createlab.usb.hid.windows.WindowsHIDDevice.readDeviceInfo()Ledu/cmu/ri/createlab/usb/hid/DeviceInfo;+20
j  edu.cmu.ri.createlab.usb.hid.windows.WindowsHIDDevice.connect(I)V+40
j  edu.cmu.ri.createlab.usb.hid.windows.WindowsHIDDevice.connectExclusively()V+2
j  edu.cmu.ri.createlab.terk.robot.finch.DefaultFinchController.create()Ledu/cmu/ri/createlab/terk/robot/finch/FinchController;+74
j  edu.cmu.ri.createlab.device.connectivity.FinchConnectivityManager.scanForDeviceAndCreateProxy()Ledu/cmu/ri/createlab/device/CreateLabDeviceProxy;+0
j  edu.cmu.ri.createlab.device.connectivity.BaseCreateLabDeviceConnectivityManager$DeviceScanner.run()V+74
J 1088 C1 java.util.concurrent.Executors$RunnableAdapter.call()Ljava/lang/Object; (14 bytes) @ 0x00000000031ba04c [0x00000000031b9f40+0x10c]
j  java.util.concurrent.FutureTask.run()V+42
J 1085 C1 java.util.concurrent.ScheduledThreadPoolExecutor$ScheduledFutureTask.run()V (59 bytes) @ 0x00000000031b9504 [0x00000000031b8ec0+0x644]
j  java.util.concurrent.ThreadPoolExecutor.runWorker(Ljava/util/concurrent/ThreadPoolExecutor$Worker;)V+95
j  java.util.concurrent.ThreadPoolExecutor$Worker.run()V+5
j  java.lang.Thread.run()V+11
v  ~StubRoutines::call_stub

---------------  P R O C E S S  ---------------

Java Threads: ( => current thread )
  0x000000001afa6000 JavaThread "Thread-0" daemon [_thread_in_native, id=18164, stack(0x000000001f7d0000,0x000000001f8d0000)]
  0x000000001afa4800 JavaThread "Thread-7" [_thread_blocked, id=17524, stack(0x000000001f4d0000,0x000000001f5d0000)]
  0x000000001afa1800 JavaThread "Thread-6" [_thread_blocked, id=19892, stack(0x000000001f3d0000,0x000000001f4d0000)]
  0x000000001afa0000 JavaThread "Thread-5" [_thread_blocked, id=18068, stack(0x000000001f2d0000,0x000000001f3d0000)]
=>0x000000001afa4000 JavaThread "BaseCreateLabDeviceConnectivityManager.executorService pool-1-thread-1" daemon [_thread_in_vm, id=19112, stack(0x000000001e030000,0x000000001e130000)]
  0x000000001afa3000 JavaThread "DatasetPlotter.executorService pool-4-thread-1" daemon [_thread_blocked, id=11480, stack(0x000000001df30000,0x000000001e030000)]
  0x000000001af94000 JavaThread "DatasetPlotter.executorService pool-3-thread-1" daemon [_thread_blocked, id=13204, stack(0x000000001de30000,0x000000001df30000)]
  0x000000001af93800 JavaThread "DatasetPlotter.executorService pool-2-thread-1" daemon [_thread_blocked, id=19520, stack(0x000000001dd30000,0x000000001de30000)]
  0x000000001aea5000 JavaThread "Thread-3" [_thread_blocked, id=14004, stack(0x000000001d830000,0x000000001d930000)]
  0x000000001ad30800 JavaThread "TimerQueue" daemon [_thread_blocked, id=19544, stack(0x000000001d730000,0x000000001d830000)]
  0x000000001ad34800 JavaThread "Thread-2" [_thread_blocked, id=15692, stack(0x000000001d630000,0x000000001d730000)]
  0x0000000002c0d800 JavaThread "DestroyJavaVM" [_thread_blocked, id=15060, stack(0x0000000002c10000,0x0000000002d10000)]
  0x000000001acfb800 JavaThread "AWT-EventQueue-0" [_thread_blocked, id=2396, stack(0x000000001c0c0000,0x000000001c1c0000)]
  0x000000001ac1d000 JavaThread "AWT-Shutdown" [_thread_blocked, id=3548, stack(0x000000001b4a0000,0x000000001b5a0000)]
  0x000000001ac1c800 JavaThread "Java2D Disposer" daemon [_thread_blocked, id=20080, stack(0x000000001b3a0000,0x000000001b4a0000)]
  0x0000000019c03000 JavaThread "Service Thread" daemon [_thread_blocked, id=19692, stack(0x000000001a840000,0x000000001a940000)]
  0x0000000019b81000 JavaThread "C1 CompilerThread3" daemon [_thread_blocked, id=19824, stack(0x000000001a740000,0x000000001a840000)]
  0x0000000019b70000 JavaThread "C2 CompilerThread2" daemon [_thread_blocked, id=14364, stack(0x000000001a640000,0x000000001a740000)]
  0x0000000019b6d800 JavaThread "C2 CompilerThread1" daemon [_thread_blocked, id=7188, stack(0x000000001a540000,0x000000001a640000)]
  0x0000000019b69800 JavaThread "C2 CompilerThread0" daemon [_thread_blocked, id=12516, stack(0x000000001a440000,0x000000001a540000)]
  0x0000000019b68800 JavaThread "Attach Listener" daemon [_thread_blocked, id=13628, stack(0x000000001a340000,0x000000001a440000)]
  0x0000000019b67000 JavaThread "Signal Dispatcher" daemon [_thread_blocked, id=20240, stack(0x000000001a240000,0x000000001a340000)]
  0x0000000002e18000 JavaThread "Finalizer" daemon [_thread_blocked, id=11760, stack(0x000000001a040000,0x000000001a140000)]
  0x0000000019b60800 JavaThread "Reference Handler" daemon [_thread_blocked, id=19348, stack(0x0000000019f40000,0x000000001a040000)]

Other Threads:
  0x0000000017d19000 VMThread [stack: 0x0000000019a40000,0x0000000019b40000] [id=17968]
  0x0000000019c25000 WatcherThread [stack: 0x000000001a940000,0x000000001aa40000] [id=14812]

VM state:not at safepoint (normal execution)

VM Mutex/Monitor currently owned by a thread: None

Heap:
 PSYoungGen      total 37888K, used 12524K [0x00000000d6500000, 0x00000000d8f00000, 0x0000000100000000)
  eden space 32768K, 27% used [0x00000000d6500000,0x00000000d6df31f8,0x00000000d8500000)
  from space 5120K, 65% used [0x00000000d8500000,0x00000000d8848020,0x00000000d8a00000)
  to   space 5120K, 0% used [0x00000000d8a00000,0x00000000d8a00000,0x00000000d8f00000)
 ParOldGen       total 86016K, used 13413K [0x0000000082e00000, 0x0000000088200000, 0x00000000d6500000)
  object space 86016K, 15% used [0x0000000082e00000,0x0000000083b195e0,0x0000000088200000)
 Metaspace       used 16028K, capacity 16304K, committed 16640K, reserved 1064960K
  class space    used 1947K, capacity 2034K, committed 2048K, reserved 1048576K

Card table byte_map: [0x00000000121f0000,0x00000000125e0000] byte_map_base: 0x0000000011dd9000

Marking Bits: (ParMarkBitMap*) 0x000000005f703e30
 Begin Bits: [0x0000000013080000, 0x0000000014fc8000)
 End Bits:   [0x0000000014fc8000, 0x0000000016f10000)

Polling page: 0x0000000002bf0000

CodeCache: size=245760Kb used=6338Kb max_used=6338Kb free=239421Kb
 bounds [0x0000000002e30000, 0x0000000003470000, 0x0000000011e30000]
 total_blobs=2320 nmethods=1788 adapters=444
 compilation: enabled

Compilation events (10 events):
Event: 16.519 Thread 0x0000000019b81000 1784       3       java.awt.event.InputEvent::consume (6 bytes)
Event: 16.519 Thread 0x0000000019b81000 nmethod 1784 0x0000000003461f90 code [0x00000000034620e0, 0x0000000003462230]
Event: 16.533 Thread 0x0000000019b81000 1785   !   3       java.awt.Window::getInputContext (36 bytes)
Event: 16.534 Thread 0x0000000019b81000 nmethod 1785 0x0000000003462290 code [0x0000000003462420, 0x00000000034629a8]
Event: 16.556 Thread 0x0000000019b81000 1786       3       java.awt.Component::areInputMethodsEnabled (39 bytes)
Event: 16.557 Thread 0x0000000019b81000 nmethod 1786 0x0000000003462c50 code [0x0000000003462da0, 0x0000000003462ff0]
Event: 16.668 Thread 0x0000000019b81000 1787       3       java.awt.Component::eventTypeEnabled (487 bytes)
Event: 16.668 Thread 0x0000000019b81000 nmethod 1787 0x0000000003463050 code [0x0000000003463200, 0x0000000003463c70]
Event: 16.682 Thread 0x0000000019b81000 1788       3       java.lang.reflect.Field::setBoolean (52 bytes)
Event: 16.683 Thread 0x0000000019b81000 nmethod 1788 0x0000000003463cd0 code [0x0000000003463ea0, 0x00000000034644e8]

GC Heap History (6 events):
Event: 5.977 GC heap before
{Heap before GC invocations=1 (full 0):
 PSYoungGen      total 37888K, used 32768K [0x00000000d6500000, 0x00000000d8f00000, 0x0000000100000000)
  eden space 32768K, 100% used [0x00000000d6500000,0x00000000d8500000,0x00000000d8500000)
  from space 5120K, 0% used [0x00000000d8a00000,0x00000000d8a00000,0x00000000d8f00000)
  to   space 5120K, 0% used [0x00000000d8500000,0x00000000d8500000,0x00000000d8a00000)
 ParOldGen       total 86016K, used 0K [0x0000000082e00000, 0x0000000088200000, 0x00000000d6500000)
  object space 86016K, 0% used [0x0000000082e00000,0x0000000082e00000,0x0000000088200000)
 Metaspace       used 15461K, capacity 15682K, committed 15872K, reserved 1062912K
  class space    used 1928K, capacity 2001K, committed 2048K, reserved 1048576K
Event: 5.983 GC heap after
Heap after GC invocations=1 (full 0):
 PSYoungGen      total 37888K, used 3554K [0x00000000d6500000, 0x00000000d8f00000, 0x0000000100000000)
  eden space 32768K, 0% used [0x00000000d6500000,0x00000000d6500000,0x00000000d8500000)
  from space 5120K, 69% used [0x00000000d8500000,0x00000000d8878b38,0x00000000d8a00000)
  to   space 5120K, 0% used [0x00000000d8a00000,0x00000000d8a00000,0x00000000d8f00000)
 ParOldGen       total 86016K, used 13397K [0x0000000082e00000, 0x0000000088200000, 0x00000000d6500000)
  object space 86016K, 15% used [0x0000000082e00000,0x0000000083b155e0,0x0000000088200000)
 Metaspace       used 15461K, capacity 15682K, committed 15872K, reserved 1062912K
  class space    used 1928K, capacity 2001K, committed 2048K, reserved 1048576K
}
Event: 10.300 GC heap before
{Heap before GC invocations=2 (full 0):
 PSYoungGen      total 37888K, used 36322K [0x00000000d6500000, 0x00000000d8f00000, 0x0000000100000000)
  eden space 32768K, 100% used [0x00000000d6500000,0x00000000d8500000,0x00000000d8500000)
  from space 5120K, 69% used [0x00000000d8500000,0x00000000d8878b38,0x00000000d8a00000)
  to   space 5120K, 0% used [0x00000000d8a00000,0x00000000d8a00000,0x00000000d8f00000)
 ParOldGen       total 86016K, used 13397K [0x0000000082e00000, 0x0000000088200000, 0x00000000d6500000)
  object space 86016K, 15% used [0x0000000082e00000,0x0000000083b155e0,0x0000000088200000)
 Metaspace       used 15778K, capacity 15970K, committed 16128K, reserved 1062912K
  class space    used 1945K, capacity 2033K, committed 2048K, reserved 1048576K
Event: 10.304 GC heap after
Heap after GC invocations=2 (full 0):
 PSYoungGen      total 37888K, used 3248K [0x00000000d6500000, 0x00000000d8f00000, 0x0000000100000000)
  eden space 32768K, 0% used [0x00000000d6500000,0x00000000d6500000,0x00000000d8500000)
  from space 5120K, 63% used [0x00000000d8a00000,0x00000000d8d2c030,0x00000000d8f00000)
  to   space 5120K, 0% used [0x00000000d8500000,0x00000000d8500000,0x00000000d8a00000)
 ParOldGen       total 86016K, used 13405K [0x0000000082e00000, 0x0000000088200000, 0x00000000d6500000)
  object space 86016K, 15% used [0x0000000082e00000,0x0000000083b175e0,0x0000000088200000)
 Metaspace       used 15778K, capacity 15970K, committed 16128K, reserved 1062912K
  class space    used 1945K, capacity 2033K, committed 2048K, reserved 1048576K
}
Event: 15.409 GC heap before
{Heap before GC invocations=3 (full 0):
 PSYoungGen      total 37888K, used 36016K [0x00000000d6500000, 0x00000000d8f00000, 0x0000000100000000)
  eden space 32768K, 100% used [0x00000000d6500000,0x00000000d8500000,0x00000000d8500000)
  from space 5120K, 63% used [0x00000000d8a00000,0x00000000d8d2c030,0x00000000d8f00000)
  to   space 5120K, 0% used [0x00000000d8500000,0x00000000d8500000,0x00000000d8a00000)
 ParOldGen       total 86016K, used 13405K [0x0000000082e00000, 0x0000000088200000, 0x00000000d6500000)
  object space 86016K, 15% used [0x0000000082e00000,0x0000000083b175e0,0x0000000088200000)
 Metaspace       used 15971K, capacity 16226K, committed 16384K, reserved 1062912K
  class space    used 1945K, capacity 2033K, committed 2048K, reserved 1048576K
Event: 15.413 GC heap after
Heap after GC invocations=3 (full 0):
 PSYoungGen      total 37888K, used 3360K [0x00000000d6500000, 0x00000000d8f00000, 0x0000000100000000)
  eden space 32768K, 0% used [0x00000000d6500000,0x00000000d6500000,0x00000000d8500000)
  from space 5120K, 65% used [0x00000000d8500000,0x00000000d8848020,0x00000000d8a00000)
  to   space 5120K, 0% used [0x00000000d8a00000,0x00000000d8a00000,0x00000000d8f00000)
 ParOldGen       total 86016K, used 13413K [0x0000000082e00000, 0x0000000088200000, 0x00000000d6500000)
  object space 86016K, 15% used [0x0000000082e00000,0x0000000083b195e0,0x0000000088200000)
 Metaspace       used 15971K, capacity 16226K, committed 16384K, reserved 1062912K
  class space    used 1945K, capacity 2033K, committed 2048K, reserved 1048576K
}

Deoptimization events (10 events):
Event: 2.187 Thread 0x000000001afa4000 Uncommon trap: reason=bimorphic action=maybe_recompile pc=0x000000000316a384 method=java.util.HashMap.putVal(ILjava/lang/Object;Ljava/lang/Object;ZZ)Ljava/lang/Object; @ 91
Event: 2.187 Thread 0x000000001afa4000 Uncommon trap: reason=bimorphic action=maybe_recompile pc=0x000000000316a384 method=java.util.HashMap.putVal(ILjava/lang/Object;Ljava/lang/Object;ZZ)Ljava/lang/Object; @ 91
Event: 2.187 Thread 0x000000001afa4000 Uncommon trap: reason=bimorphic action=maybe_recompile pc=0x000000000316a384 method=java.util.HashMap.putVal(ILjava/lang/Object;Ljava/lang/Object;ZZ)Ljava/lang/Object; @ 91
Event: 2.187 Thread 0x000000001afa4000 Uncommon trap: reason=bimorphic action=maybe_recompile pc=0x000000000316a384 method=java.util.HashMap.putVal(ILjava/lang/Object;Ljava/lang/Object;ZZ)Ljava/lang/Object; @ 91
Event: 6.062 Thread 0x000000001acfb800 Uncommon trap: reason=unstable_if action=reinterpret pc=0x000000000327bca8 method=sun.font.CMap$CMapFormat4.getGlyph(I)C @ 181
Event: 6.224 Thread 0x000000001acfb800 Uncommon trap: reason=unstable_if action=reinterpret pc=0x000000000327e0fc method=sun.awt.image.IntegerComponentRaster.verify()V @ 243
Event: 6.224 Thread 0x000000001acfb800 Uncommon trap: reason=unstable_if action=reinterpret pc=0x000000000307282c method=java.awt.ColorPaintContext.getRaster(IIII)Ljava/awt/image/Raster; @ 17
Event: 7.979 Thread 0x000000001acfb800 Uncommon trap: reason=class_check action=maybe_recompile pc=0x0000000002f97a14 method=java.lang.String.equals(Ljava/lang/Object;)Z @ 8
Event: 16.490 Thread 0x000000001ac20000 Uncommon trap: reason=unstable_if action=reinterpret pc=0x00000000032ce2c4 method=sun.java2d.Disposer.add(Ljava/lang/Object;Lsun/java2d/DisposerRecord;)V @ 4
Event: 17.405 Thread 0x000000001afa2800 Uncommon trap: reason=unstable_if action=reinterpret pc=0x00000000033e974c method=java.lang.reflect.Field.get(Ljava/lang/Object;)Ljava/lang/Object; @ 4

Classes redefined (0 events):
No events

Internal exceptions (10 events):
Event: 1.989 Thread 0x000000001aea5000 Exception <a 'java/lang/ArrayIndexOutOfBoundsException': 18> (0x00000000d7c383c0) thrown at [C:\re\workspace\8-2-build-windows-amd64-cygwin\jdk8u191\11896\hotspot\src\share\vm\interpreter\interpreterRuntime.cpp, line 366]
Event: 1.990 Thread 0x000000001aea5000 Exception <a 'java/lang/ArrayIndexOutOfBoundsException': 22> (0x00000000d7c3b720) thrown at [C:\re\workspace\8-2-build-windows-amd64-cygwin\jdk8u191\11896\hotspot\src\share\vm\interpreter\interpreterRuntime.cpp, line 366]
Event: 1.991 Thread 0x000000001aea5000 Exception <a 'java/lang/ArrayIndexOutOfBoundsException': 160> (0x00000000d7c3daf8) thrown at [C:\re\workspace\8-2-build-windows-amd64-cygwin\jdk8u191\11896\hotspot\src\share\vm\interpreter\interpreterRuntime.cpp, line 366]
Event: 1.992 Thread 0x000000001aea5000 Exception <a 'java/lang/ClassNotFoundException': org/apache/log4j/AppenderSkeletonCustomizer> (0x00000000d7c43848) thrown at [C:\re\workspace\8-2-build-windows-amd64-cygwin\jdk8u191\11896\hotspot\src\share\vm\classfile\systemDictionary.cpp, line 210]
Event: 1.994 Thread 0x000000001aea5000 Exception <a 'java/lang/ClassNotFoundException': org/apache/log4j/WriterAppenderCustomizer> (0x00000000d7c65bf8) thrown at [C:\re\workspace\8-2-build-windows-amd64-cygwin\jdk8u191\11896\hotspot\src\share\vm\classfile\systemDictionary.cpp, line 210]
Event: 1.995 Thread 0x000000001aea5000 Exception <a 'java/lang/ClassNotFoundException': org/apache/log4j/FileAppenderCustomizer> (0x00000000d7c75a58) thrown at [C:\re\workspace\8-2-build-windows-amd64-cygwin\jdk8u191\11896\hotspot\src\share\vm\classfile\systemDictionary.cpp, line 210]
Event: 2.000 Thread 0x000000001aea5000 Exception <a 'java/lang/ClassNotFoundException': org/apache/log4j/PatternLayoutBeanInfo> (0x00000000d7cc71e8) thrown at [C:\re\workspace\8-2-build-windows-amd64-cygwin\jdk8u191\11896\hotspot\src\share\vm\classfile\systemDictionary.cpp, line 210]
Event: 2.001 Thread 0x000000001aea5000 Exception <a 'java/lang/ClassNotFoundException': org/apache/log4j/LayoutBeanInfo> (0x00000000d7cca4b8) thrown at [C:\re\workspace\8-2-build-windows-amd64-cygwin\jdk8u191\11896\hotspot\src\share\vm\classfile\systemDictionary.cpp, line 210]
Event: 2.001 Thread 0x000000001aea5000 Exception <a 'java/lang/ClassNotFoundException': org/apache/log4j/LayoutCustomizer> (0x00000000d7ccd810) thrown at [C:\re\workspace\8-2-build-windows-amd64-cygwin\jdk8u191\11896\hotspot\src\share\vm\classfile\systemDictionary.cpp, line 210]
Event: 2.001 Thread 0x000000001aea5000 Exception <a 'java/lang/ClassNotFoundException': org/apache/log4j/PatternLayoutCustomizer> (0x00000000d7cd53f8) thrown at [C:\re\workspace\8-2-build-windows-amd64-cygwin\jdk8u191\11896\hotspot\src\share\vm\classfile\systemDictionary.cpp, line 210]

Events (10 events):
Event: 17.405 Thread 0x000000001afa2800 DEOPT UNPACKING pc=0x0000000002e7583b sp=0x000000001f7cf120 mode 2
Event: 17.407 loading class java/lang/ProcessBuilder
Event: 17.407 loading class java/lang/ProcessBuilder done
Event: 17.408 loading class java/lang/ProcessImpl
Event: 17.408 loading class java/lang/Process
Event: 17.408 loading class java/lang/Process done
Event: 17.408 loading class java/lang/ProcessImpl done
Event: 17.421 loading class java/lang/ProcessImpl$2
Event: 17.421 loading class java/lang/ProcessImpl$2 done
Event: 17.421 Thread 0x000000001afa2800 Thread exited: 0x000000001afa2800


Dynamic libraries:
0x00007ff6ad170000 - 0x00007ff6ad1a7000 	C:\Program Files\Java\jdk1.8.0_191\bin\javaw.exe
0x00007fff8cc20000 - 0x00007fff8ce01000 	C:\Windows\SYSTEM32\ntdll.dll
0x00007fff6f9e0000 - 0x00007fff6f9f2000 	C:\Program Files (x86)\AVG\Antivirus\aswhook.dll
0x00007fff8c760000 - 0x00007fff8c811000 	C:\Windows\System32\KERNEL32.DLL
0x00007fff89c00000 - 0x00007fff89e73000 	C:\Windows\System32\KERNELBASE.dll
0x00007fff8a0b0000 - 0x00007fff8a151000 	C:\Windows\System32\ADVAPI32.dll
0x00007fff8ca60000 - 0x00007fff8cafe000 	C:\Windows\System32\msvcrt.dll
0x00007fff8a850000 - 0x00007fff8a8ab000 	C:\Windows\System32\sechost.dll
0x00007fff8a170000 - 0x00007fff8a294000 	C:\Windows\System32\RPCRT4.dll
0x00007fff8c820000 - 0x00007fff8c9b0000 	C:\Windows\System32\USER32.dll
0x00007fff897b0000 - 0x00007fff897d0000 	C:\Windows\System32\win32u.dll
0x00007fff8c9b0000 - 0x00007fff8c9d8000 	C:\Windows\System32\GDI32.dll
0x00007fff89870000 - 0x00007fff89a02000 	C:\Windows\System32\gdi32full.dll
0x00007fff897d0000 - 0x00007fff8986f000 	C:\Windows\System32\msvcp_win.dll
0x00007fff89fb0000 - 0x00007fff8a0a8000 	C:\Windows\System32\ucrtbase.dll
0x00007fff709d0000 - 0x00007fff70c39000 	C:\Windows\WinSxS\amd64_microsoft.windows.common-controls_6595b64144ccf1df_6.0.17134.706_none_fb43a2cb30647007\COMCTL32.dll
0x00007fff8a910000 - 0x00007fff8ac32000 	C:\Windows\System32\combase.dll
0x00007fff89f30000 - 0x00007fff89faa000 	C:\Windows\System32\bcryptPrimitives.dll
0x00007fff8cb00000 - 0x00007fff8cb2d000 	C:\Windows\System32\IMM32.DLL
0x000000005ec40000 - 0x000000005ed12000 	C:\Program Files\Java\jdk1.8.0_191\jre\bin\msvcr100.dll
0x000000005eee0000 - 0x000000005f784000 	C:\Program Files\Java\jdk1.8.0_191\jre\bin\server\jvm.dll
0x00007fff8a160000 - 0x00007fff8a168000 	C:\Windows\System32\PSAPI.DLL
0x00007fff70f00000 - 0x00007fff70f09000 	C:\Windows\SYSTEM32\WSOCK32.dll
0x00007fff8c630000 - 0x00007fff8c69c000 	C:\Windows\System32\WS2_32.dll
0x00007fff87620000 - 0x00007fff87643000 	C:\Windows\SYSTEM32\WINMM.dll
0x00007fff7fca0000 - 0x00007fff7fcaa000 	C:\Windows\SYSTEM32\VERSION.dll
0x00007fff875f0000 - 0x00007fff8761a000 	C:\Windows\SYSTEM32\WINMMBASE.dll
0x00007fff88ff0000 - 0x00007fff89039000 	C:\Windows\System32\cfgmgr32.dll
0x000000005edf0000 - 0x000000005edff000 	C:\Program Files\Java\jdk1.8.0_191\jre\bin\verify.dll
0x000000005edc0000 - 0x000000005ede9000 	C:\Program Files\Java\jdk1.8.0_191\jre\bin\java.dll
0x000000005eda0000 - 0x000000005edb6000 	C:\Program Files\Java\jdk1.8.0_191\jre\bin\zip.dll
0x00007fff8af80000 - 0x00007fff8c3c0000 	C:\Windows\System32\SHELL32.dll
0x00007fff8cb30000 - 0x00007fff8cbd9000 	C:\Windows\System32\shcore.dll
0x00007fff890a0000 - 0x00007fff897ad000 	C:\Windows\System32\windows.storage.dll
0x00007fff8ade0000 - 0x00007fff8ae31000 	C:\Windows\System32\shlwapi.dll
0x00007fff88fd0000 - 0x00007fff88fe1000 	C:\Windows\System32\kernel.appcore.dll
0x00007fff88f90000 - 0x00007fff88faf000 	C:\Windows\System32\profapi.dll
0x00007fff88f40000 - 0x00007fff88f8c000 	C:\Windows\System32\powrprof.dll
0x00007fff88f30000 - 0x00007fff88f3a000 	C:\Windows\System32\FLTLIB.DLL
0x000000005eaa0000 - 0x000000005ec39000 	C:\Program Files\Java\jdk1.8.0_191\jre\bin\awt.dll
0x00007fff8aeb0000 - 0x00007fff8af72000 	C:\Windows\System32\OLEAUT32.dll
0x00007fff86ec0000 - 0x00007fff86f4b000 	C:\Windows\SYSTEM32\apphelp.dll
0x00007fff87040000 - 0x00007fff87069000 	C:\Windows\system32\DWMAPI.DLL
0x00007fff86f70000 - 0x00007fff87008000 	C:\Windows\system32\uxtheme.dll
0x00007fff8c3c0000 - 0x00007fff8c533000 	C:\Windows\System32\MSCTF.dll
0x00007fff8a6f0000 - 0x00007fff8a841000 	C:\Windows\System32\ole32.dll
0x000000005ea50000 - 0x000000005ea97000 	C:\Program Files\Java\jdk1.8.0_191\jre\bin\fontmanager.dll
0x00007fff6cdc0000 - 0x00007fff6cee0000 	C:\Windows\system32\opengl32.dll
0x00007fff6cd50000 - 0x00007fff6cd7c000 	C:\Windows\SYSTEM32\GLU32.dll
0x000000005ed80000 - 0x000000005ed9a000 	C:\Program Files\Java\jdk1.8.0_191\jre\bin\net.dll
0x00007fff887b0000 - 0x00007fff88816000 	C:\Windows\system32\mswsock.dll
0x000000005ed60000 - 0x000000005ed71000 	C:\Program Files\Java\jdk1.8.0_191\jre\bin\nio.dll
0x000000005ea00000 - 0x000000005ea42000 	C:\Program Files\Java\jdk1.8.0_191\jre\bin\t2k.dll
0x00007fff8c6c0000 - 0x00007fff8c760000 	C:\Windows\System32\clbcatq.dll
0x00007fff7d580000 - 0x00007fff7d72e000 	C:\Windows\SYSTEM32\WindowsCodecs.dll
0x00007fff73be0000 - 0x00007fff73c76000 	C:\Windows\System32\TextInputFramework.dll
0x00007fff7d0a0000 - 0x00007fff7d3be000 	C:\Windows\System32\CoreUIComponents.dll
0x00007fff86cc0000 - 0x00007fff86d9a000 	C:\Windows\System32\CoreMessaging.dll
0x00007fff88020000 - 0x00007fff88051000 	C:\Windows\SYSTEM32\ntmarta.dll
0x00007fff812a0000 - 0x00007fff813ed000 	C:\Windows\SYSTEM32\wintypes.dll
0x00007fff88960000 - 0x00007fff88977000 	C:\Windows\SYSTEM32\CRYPTSP.dll
0x00007fff88390000 - 0x00007fff883c3000 	C:\Windows\system32\rsaenh.dll
0x00007fff88a90000 - 0x00007fff88ab5000 	C:\Windows\SYSTEM32\bcrypt.dll
0x00007fff88e60000 - 0x00007fff88e88000 	C:\Windows\SYSTEM32\USERENV.dll
0x00007fff88980000 - 0x00007fff8898b000 	C:\Windows\SYSTEM32\CRYPTBASE.dll
0x00007fff88530000 - 0x00007fff88568000 	C:\Windows\SYSTEM32\IPHLPAPI.DLL
0x00007fff8cbe0000 - 0x00007fff8cbe8000 	C:\Windows\System32\NSI.dll
0x00007fff7fd20000 - 0x00007fff7fd36000 	C:\Windows\SYSTEM32\dhcpcsvc6.DLL
0x00007fff806c0000 - 0x00007fff806da000 	C:\Windows\SYSTEM32\dhcpcsvc.DLL
0x0000000180000000 - 0x0000000180037000 	C:\Users\Seb\AppData\Local\Temp\jna7413726609575116638.dll
0x00007fff878d0000 - 0x00007fff878dc000 	C:\Windows\SYSTEM32\hid.dll
0x00007fff8a2a0000 - 0x00007fff8a6eb000 	C:\Windows\System32\setupapi.dll
0x00007fff88d40000 - 0x00007fff88d67000 	C:\Windows\System32\DEVOBJ.dll
0x00007fff89040000 - 0x00007fff89097000 	C:\Windows\System32\WINTRUST.dll
0x00007fff88fb0000 - 0x00007fff88fc2000 	C:\Windows\System32\MSASN1.dll
0x00007fff89a10000 - 0x00007fff89bf2000 	C:\Windows\System32\CRYPT32.dll
0x00007fff87980000 - 0x00007fff87b49000 	C:\Windows\SYSTEM32\dbghelp.dll

VM Arguments:
jvm_args: -Djava.library.path=C:\Users\Seb\University\Disso\Seb\opencv\build\java\x64 -Dfile.encoding=Cp1252 
java_command: Main.MainGenerator
java_class_path (initial): C:\Users\Seb\git\repository\MazeGenerator\bin;C:\Users\Seb\University\Disso\Seb\opencv\build\java\opencv-2413.jar;C:\Users\Seb\Downloads\FinchJavaEclipseWin (1)\Windows\FinchEclipse\lib\finch.jar
Launcher Type: SUN_STANDARD

Environment Variables:
PATH=C:/Program Files/Java/jdk1.8.0_191/jre/bin/server;C:/Program Files/Java/jdk1.8.0_191/jre/bin;C:/Program Files/Java/jdk1.8.0_191/jre/lib/amd64;C:\Program Files (x86)\Intel\Intel(R) Management Engine Components\iCLS\;C:\Program Files\Intel\Intel(R) Management Engine Components\iCLS\;C:\Windows\system32;C:\Windows;C:\Windows\System32\Wbem;C:\Windows\System32\WindowsPowerShell\v1.0\;C:\Windows\System32\OpenSSH\;C:\Program Files (x86)\Intel\Intel(R) Management Engine Components\DAL;C:\Program Files\Intel\Intel(R) Management Engine Components\DAL;C:\Program Files\dotnet\;C:\Program Files\nodejs\;C:\Program Files\Git\cmd;C:\Users\Seb\AppData\Local\Microsoft\WindowsApps;C:\Users\Seb\AppData\Roaming\npm;C:\Windows\system32;
USERNAME=Seb
OS=Windows_NT
PROCESSOR_IDENTIFIER=Intel64 Family 6 Model 142 Stepping 10, GenuineIntel



---------------  S Y S T E M  ---------------

OS: Windows 10.0 , 64 bit Build 17134 (10.0.17134.706)

CPU:total 8 (initial active 8) (4 cores per cpu, 2 threads per core) family 6 model 142 stepping 10, cmov, cx8, fxsr, mmx, sse, sse2, sse3, ssse3, sse4.1, sse4.2, popcnt, avx, avx2, aes, clmul, erms, 3dnowpref, lzcnt, ht, tsc, tscinvbit, bmi1, bmi2, adx

Memory: 4k page, physical 8192040k(3363796k free), swap 11337768k(3537480k free)

vm_info: Java HotSpot(TM) 64-Bit Server VM (25.191-b12) for windows-amd64 JRE (1.8.0_191-b12), built on Oct  6 2018 09:29:03 by "java_re" with MS VC++ 10.0 (VS2010)

time: Fri Apr 26 15:28:52 2019
elapsed time: 17 seconds (0d 0h 0m 17s)

