#
# A fatal error has been detected by the Java Runtime Environment:
#
#  EXCEPTION_ACCESS_VIOLATION (0xc0000005) at pc=0x0000000180003ae0, pid=4832, tid=0x0000000000001704
#
# JRE version: Java(TM) SE Runtime Environment (8.0_191-b12) (build 1.8.0_191-b12)
# Java VM: Java HotSpot(TM) 64-Bit Server VM (25.191-b12 mixed mode windows-amd64 compressed oops)
# Problematic frame:
# C  0x0000000180003ae0
#
# Failed to write core dump. Minidumps are not enabled by default on client versions of Windows
#
# If you would like to submit a bug report, please visit:
#   http://bugreport.java.com/bugreport/crash.jsp
# The crash happened outside the Java Virtual Machine in native code.
# See problematic frame for where to report the bug.
#

---------------  T H R E A D  ---------------

Current thread (0x000000001ab57800):  JavaThread "HIDCommandExecutionQueue.executor pool-5-thread-1" daemon [_thread_in_native, id=5892, stack(0x000000001df90000,0x000000001e090000)]

siginfo: ExceptionCode=0xc0000005, ExceptionInformation=0x0000000000000008 0x0000000180003ae0

Registers:
RAX=0x0000000180003ae0, RBX=0x000000001d76a718, RCX=0x000000001ab579f8, RDX=0x000000001e08ec40
RSP=0x000000001e08ebb8, RBP=0x000000001e08ec30, RSI=0x0000000060200021, RDI=0x000000000000009a
R8 =0x0000000000000004, R9 =0x00000000d7a05d30, R10=0x0000000002a98c3b, R11=0x000000006501cb30
R12=0x0000000000000000, R13=0x000000001d76a718, R14=0x000000001e08ec58, R15=0x000000001ab57800
RIP=0x0000000180003ae0, EFLAGS=0x0000000000010202

Top of Stack: (sp=0x000000001e08ebb8)
0x000000001e08ebb8:   0000000002a98c67 0000000000000000
0x000000001e08ebc8:   0000000000000000 000000001e08ec40
0x000000001e08ebd8:   0000000002a87b30 00000000d7ca4980
0x000000001e08ebe8:   0000000002a87b30 000000001e08ebf0
0x000000001e08ebf8:   0000000000000000 000000001e08ec58
0x000000001e08ec08:   000000001d833878 0000000000000000
0x000000001e08ec18:   000000001d76a718 0000000000000000
0x000000001e08ec28:   000000001e08ec50 000000001e08eca8
0x000000001e08ec38:   0000000002a87e70 00000000d7a05df0
0x000000001e08ec48:   0000000002a921d7 0000000000000004
0x000000001e08ec58:   0000000000000004 00000000d7ca4980
0x000000001e08ec68:   000000001e08ec68 000000001d76822b
0x000000001e08ec78:   000000001e08ecc8 000000001d833878
0x000000001e08ec88:   0000000000000000 000000001d768288
0x000000001e08ec98:   000000001e08ec50 000000001e08ecb8
0x000000001e08eca8:   000000001e08ed20 0000000002a8835d 

Instructions: (pc=0x0000000180003ae0)
0x0000000180003ac0:   
[error occurred during error reporting (printing registers, top of stack, instructions near pc), id 0xc0000005]

Register to memory mapping:

RAX=0x0000000180003ae0 is an unknown value
RBX={method} {0x000000001d76a720} 'malloc' '(J)J' in 'com/sun/jna/Memory'
RCX=0x000000001ab579f8 is an unknown value
RDX=0x000000001e08ec40 is pointing into the stack for thread: 0x000000001ab57800
RSP=0x000000001e08ebb8 is pointing into the stack for thread: 0x000000001ab57800
RBP=0x000000001e08ec30 is pointing into the stack for thread: 0x000000001ab57800
RSI=0x0000000060200021 is an unknown value
RDI=0x000000000000009a is an unknown value
R8 =0x0000000000000004 is an unknown value
R9 =0x00000000d7a05d30 is an oop
java.lang.Class 
 - klass: 'java/lang/Class'
R10=0x0000000002a98c3b is at code_begin+891 in an Interpreter codelet
method entry point (kind = native)  [0x0000000002a988c0, 0x0000000002a99280]  2496 bytes
R11=0x000000006501cb30 is an unknown value
R12=0x0000000000000000 is an unknown value
R13={method} {0x000000001d76a720} 'malloc' '(J)J' in 'com/sun/jna/Memory'
R14=0x000000001e08ec58 is pointing into the stack for thread: 0x000000001ab57800
R15=0x000000001ab57800 is a thread


Stack: [0x000000001df90000,0x000000001e090000],  sp=0x000000001e08ebb8,  free space=1018k
Native frames: (J=compiled Java code, j=interpreted, Vv=VM code, C=native code)
C  0x0000000180003ae0

Java frames: (J=compiled Java code, j=interpreted, Vv=VM code)
j  com.sun.jna.Memory.malloc(J)J+0
j  com.sun.jna.Memory.<init>(J)V+27
j  com.sun.jna.ptr.ByReference.<init>(I)V+11
j  com.sun.jna.ptr.IntByReference.<init>(I)V+2
j  com.sun.jna.ptr.IntByReference.<init>()V+2
j  edu.cmu.ri.createlab.usb.hid.windows.WindowsHIDDevice.write([B)Ledu/cmu/ri/createlab/usb/hid/HIDWriteStatus;+181
j  edu.cmu.ri.createlab.usb.hid.CreateLabHIDCommandStrategy.execute(Ledu/cmu/ri/createlab/usb/hid/HIDDevice;)Ledu/cmu/ri/createlab/usb/hid/HIDCommandResponse;+15
j  edu.cmu.ri.createlab.usb.hid.CreateLabHIDCommandStrategy.execute(Ljava/lang/Object;)Ledu/cmu/ri/createlab/util/commandexecution/CommandResponse;+5
j  edu.cmu.ri.createlab.usb.hid.HIDCommand.call()Ledu/cmu/ri/createlab/usb/hid/HIDCommandResponse;+8
j  edu.cmu.ri.createlab.usb.hid.HIDCommand.call()Ljava/lang/Object;+1
j  java.util.concurrent.FutureTask.run()V+42
j  java.util.concurrent.ThreadPoolExecutor.runWorker(Ljava/util/concurrent/ThreadPoolExecutor$Worker;)V+95
j  java.util.concurrent.ThreadPoolExecutor$Worker.run()V+5
j  java.lang.Thread.run()V+11
v  ~StubRoutines::call_stub

---------------  P R O C E S S  ---------------

Java Threads: ( => current thread )
=>0x000000001ab57800 JavaThread "HIDCommandExecutionQueue.executor pool-5-thread-1" daemon [_thread_in_native, id=5892, stack(0x000000001df90000,0x000000001e090000)]
  0x000000001ab59000 JavaThread "FinchController.peerPingScheduler pool-6-thread-1" daemon [_thread_blocked, id=5728, stack(0x000000001de90000,0x000000001df90000)]
  0x000000001ab5a000 JavaThread "BaseCreateLabDeviceConnectivityManager.executorService pool-1-thread-1" daemon [_thread_blocked, id=5688, stack(0x000000001dc30000,0x000000001dd30000)]
  0x000000001ab54800 JavaThread "DatasetPlotter.executorService pool-4-thread-1" daemon [_thread_blocked, id=5840, stack(0x000000001db30000,0x000000001dc30000)]
  0x000000001ab53000 JavaThread "DatasetPlotter.executorService pool-3-thread-1" daemon [_thread_blocked, id=5808, stack(0x000000001da30000,0x000000001db30000)]
  0x000000001ab57000 JavaThread "DatasetPlotter.executorService pool-2-thread-1" daemon [_thread_blocked, id=5860, stack(0x000000001d930000,0x000000001da30000)]
  0x000000001a940800 JavaThread "TimerQueue" daemon [_thread_blocked, id=5880, stack(0x000000001d330000,0x000000001d430000)]
  0x000000001a93e800 JavaThread "Thread-2" [_thread_blocked, id=5800, stack(0x000000001d230000,0x000000001d330000)]
  0x000000000285d800 JavaThread "DestroyJavaVM" [_thread_blocked, id=6380, stack(0x0000000002860000,0x0000000002960000)]
  0x000000001a8fd800 JavaThread "AWT-EventQueue-0" [_thread_blocked, id=8264, stack(0x000000001bcc0000,0x000000001bdc0000)]
  0x000000001a825800 JavaThread "AWT-Shutdown" [_thread_blocked, id=5820, stack(0x000000001b0c0000,0x000000001b1c0000)]
  0x000000001a824800 JavaThread "Java2D Disposer" daemon [_thread_blocked, id=5540, stack(0x000000001afc0000,0x000000001b0c0000)]
  0x0000000019803800 JavaThread "Service Thread" daemon [_thread_blocked, id=6904, stack(0x000000001a440000,0x000000001a540000)]
  0x0000000019782800 JavaThread "C1 CompilerThread3" daemon [_thread_blocked, id=5740, stack(0x000000001a340000,0x000000001a440000)]
  0x000000001977a800 JavaThread "C2 CompilerThread2" daemon [_thread_blocked, id=5752, stack(0x000000001a240000,0x000000001a340000)]
  0x0000000019776000 JavaThread "C2 CompilerThread1" daemon [_thread_blocked, id=13092, stack(0x000000001a140000,0x000000001a240000)]
  0x0000000019769000 JavaThread "C2 CompilerThread0" daemon [_thread_blocked, id=5244, stack(0x000000001a040000,0x000000001a140000)]
  0x0000000019767800 JavaThread "Attach Listener" daemon [_thread_blocked, id=8328, stack(0x0000000019f40000,0x000000001a040000)]
  0x0000000019766000 JavaThread "Signal Dispatcher" daemon [_thread_blocked, id=5884, stack(0x0000000019e40000,0x0000000019f40000)]
  0x0000000002a68000 JavaThread "Finalizer" daemon [_thread_blocked, id=5376, stack(0x0000000019c40000,0x0000000019d40000)]
  0x0000000019760800 JavaThread "Reference Handler" daemon [_thread_blocked, id=6320, stack(0x0000000019b40000,0x0000000019c40000)]

Other Threads:
  0x0000000017969000 VMThread [stack: 0x0000000019640000,0x0000000019740000] [id=15828]
  0x000000001981d800 WatcherThread [stack: 0x000000001a540000,0x000000001a640000] [id=5464]

VM state:not at safepoint (normal execution)

VM Mutex/Monitor currently owned by a thread: None

Heap:
 PSYoungGen      total 37888K, used 31347K [0x00000000d6500000, 0x00000000d8f00000, 0x0000000100000000)
  eden space 32768K, 95% used [0x00000000d6500000,0x00000000d839cda8,0x00000000d8500000)
  from space 5120K, 0% used [0x00000000d8a00000,0x00000000d8a00000,0x00000000d8f00000)
  to   space 5120K, 0% used [0x00000000d8500000,0x00000000d8500000,0x00000000d8a00000)
 ParOldGen       total 86016K, used 0K [0x0000000082e00000, 0x0000000088200000, 0x00000000d6500000)
  object space 86016K, 0% used [0x0000000082e00000,0x0000000082e00000,0x0000000088200000)
 Metaspace       used 15520K, capacity 15704K, committed 15872K, reserved 1062912K
  class space    used 1951K, capacity 2032K, committed 2048K, reserved 1048576K

Card table byte_map: [0x0000000011e40000,0x0000000012230000] byte_map_base: 0x0000000011a29000

Marking Bits: (ParMarkBitMap*) 0x0000000065613e30
 Begin Bits: [0x0000000012cd0000, 0x0000000014c18000)
 End Bits:   [0x0000000014c18000, 0x0000000016b60000)

Polling page: 0x0000000000ed0000

CodeCache: size=245760Kb used=4063Kb max_used=4063Kb free=241697Kb
 bounds [0x0000000002a80000, 0x0000000002e80000, 0x0000000011a80000]
 total_blobs=1763 nmethods=1231 adapters=444
 compilation: enabled

Compilation events (10 events):
Event: 27.470 Thread 0x0000000019782800 1227   !   3       sun.awt.image.SurfaceManager::getManager (47 bytes)
Event: 27.472 Thread 0x0000000019782800 nmethod 1227 0x0000000002e78490 code [0x0000000002e78660, 0x0000000002e78d98]
Event: 27.472 Thread 0x0000000019782800 1228       3       java.awt.Image$1::getSurfaceManager (5 bytes)
Event: 27.472 Thread 0x0000000019782800 nmethod 1228 0x0000000002e6d010 code [0x0000000002e6d160, 0x0000000002e6d2b0]
Event: 27.472 Thread 0x0000000019782800 1229       1       javax.swing.AbstractButton::getText (5 bytes)
Event: 27.472 Thread 0x0000000019782800 nmethod 1229 0x0000000002e79110 code [0x0000000002e79260, 0x0000000002e79370]
Event: 27.477 Thread 0x0000000019782800 1230       3       sun.font.SunFontManager::getInstance (9 bytes)
Event: 27.478 Thread 0x0000000019782800 nmethod 1230 0x0000000002e793d0 code [0x0000000002e79560, 0x0000000002e79b48]
Event: 27.482 Thread 0x0000000019782800 1231       3       java.awt.event.ComponentEvent::<init> (7 bytes)
Event: 27.482 Thread 0x0000000019782800 nmethod 1231 0x0000000002e79d50 code [0x0000000002e79ec0, 0x0000000002e7a048]

GC Heap History (0 events):
No events

Deoptimization events (10 events):
Event: 1.526 Thread 0x000000001ab5a000 Uncommon trap: reason=class_check action=maybe_recompile pc=0x0000000002d04cb0 method=java.util.HashMap.putVal(ILjava/lang/Object;Ljava/lang/Object;ZZ)Ljava/lang/Object; @ 253
Event: 1.526 Thread 0x000000001ab5a000 Uncommon trap: reason=class_check action=maybe_recompile pc=0x0000000002d04cb0 method=java.util.HashMap.putVal(ILjava/lang/Object;Ljava/lang/Object;ZZ)Ljava/lang/Object; @ 253
Event: 1.526 Thread 0x000000001ab5a000 Uncommon trap: reason=class_check action=maybe_recompile pc=0x0000000002d04cb0 method=java.util.HashMap.putVal(ILjava/lang/Object;Ljava/lang/Object;ZZ)Ljava/lang/Object; @ 253
Event: 1.526 Thread 0x000000001ab5a000 Uncommon trap: reason=class_check action=maybe_recompile pc=0x0000000002d04cb0 method=java.util.HashMap.putVal(ILjava/lang/Object;Ljava/lang/Object;ZZ)Ljava/lang/Object; @ 253
Event: 1.906 Thread 0x000000001ab5a000 Uncommon trap: reason=unstable_if action=reinterpret pc=0x0000000002db2a1c method=java.util.HashMap.getNode(ILjava/lang/Object;)Ljava/util/HashMap$Node; @ 62
Event: 1.906 Thread 0x000000001ab5a000 Uncommon trap: reason=bimorphic action=maybe_recompile pc=0x0000000002da3004 method=java.util.HashMap.putVal(ILjava/lang/Object;Ljava/lang/Object;ZZ)Ljava/lang/Object; @ 91
Event: 1.906 Thread 0x000000001ab5a000 Uncommon trap: reason=unstable_if action=reinterpret pc=0x0000000002d461c8 method=java.util.HashMap.getNode(ILjava/lang/Object;)Ljava/util/HashMap$Node; @ 62
Event: 1.906 Thread 0x000000001ab5a000 Uncommon trap: reason=bimorphic action=maybe_recompile pc=0x0000000002da3004 method=java.util.HashMap.putVal(ILjava/lang/Object;Ljava/lang/Object;ZZ)Ljava/lang/Object; @ 91
Event: 1.906 Thread 0x000000001ab5a000 Uncommon trap: reason=bimorphic action=maybe_recompile pc=0x0000000002da3004 method=java.util.HashMap.putVal(ILjava/lang/Object;Ljava/lang/Object;ZZ)Ljava/lang/Object; @ 91
Event: 1.907 Thread 0x000000001ab5a000 Uncommon trap: reason=bimorphic action=maybe_recompile pc=0x0000000002da3004 method=java.util.HashMap.putVal(ILjava/lang/Object;Ljava/lang/Object;ZZ)Ljava/lang/Object; @ 91

Classes redefined (0 events):
No events

Internal exceptions (10 events):
Event: 1.389 Thread 0x000000001a96a800 Exception <a 'java/lang/ArrayIndexOutOfBoundsException': 18> (0x00000000d77b5378) thrown at [C:\re\workspace\8-2-build-windows-amd64-cygwin\jdk8u191\11896\hotspot\src\share\vm\interpreter\interpreterRuntime.cpp, line 366]
Event: 1.390 Thread 0x000000001a96a800 Exception <a 'java/lang/ArrayIndexOutOfBoundsException': 22> (0x00000000d77b86d8) thrown at [C:\re\workspace\8-2-build-windows-amd64-cygwin\jdk8u191\11896\hotspot\src\share\vm\interpreter\interpreterRuntime.cpp, line 366]
Event: 1.391 Thread 0x000000001a96a800 Exception <a 'java/lang/ArrayIndexOutOfBoundsException': 160> (0x00000000d77baab0) thrown at [C:\re\workspace\8-2-build-windows-amd64-cygwin\jdk8u191\11896\hotspot\src\share\vm\interpreter\interpreterRuntime.cpp, line 366]
Event: 1.393 Thread 0x000000001a96a800 Exception <a 'java/lang/ClassNotFoundException': org/apache/log4j/AppenderSkeletonCustomizer> (0x00000000d77c0800) thrown at [C:\re\workspace\8-2-build-windows-amd64-cygwin\jdk8u191\11896\hotspot\src\share\vm\classfile\systemDictionary.cpp, line 210]
Event: 1.396 Thread 0x000000001a96a800 Exception <a 'java/lang/ClassNotFoundException': org/apache/log4j/WriterAppenderCustomizer> (0x00000000d77e2bb0) thrown at [C:\re\workspace\8-2-build-windows-amd64-cygwin\jdk8u191\11896\hotspot\src\share\vm\classfile\systemDictionary.cpp, line 210]
Event: 1.397 Thread 0x000000001a96a800 Exception <a 'java/lang/ClassNotFoundException': org/apache/log4j/FileAppenderCustomizer> (0x00000000d77f2a10) thrown at [C:\re\workspace\8-2-build-windows-amd64-cygwin\jdk8u191\11896\hotspot\src\share\vm\classfile\systemDictionary.cpp, line 210]
Event: 1.405 Thread 0x000000001a96a800 Exception <a 'java/lang/ClassNotFoundException': org/apache/log4j/PatternLayoutBeanInfo> (0x00000000d78427e0) thrown at [C:\re\workspace\8-2-build-windows-amd64-cygwin\jdk8u191\11896\hotspot\src\share\vm\classfile\systemDictionary.cpp, line 210]
Event: 1.405 Thread 0x000000001a96a800 Exception <a 'java/lang/ClassNotFoundException': org/apache/log4j/LayoutBeanInfo> (0x00000000d7845ab0) thrown at [C:\re\workspace\8-2-build-windows-amd64-cygwin\jdk8u191\11896\hotspot\src\share\vm\classfile\systemDictionary.cpp, line 210]
Event: 1.405 Thread 0x000000001a96a800 Exception <a 'java/lang/ClassNotFoundException': org/apache/log4j/LayoutCustomizer> (0x00000000d7848e08) thrown at [C:\re\workspace\8-2-build-windows-amd64-cygwin\jdk8u191\11896\hotspot\src\share\vm\classfile\systemDictionary.cpp, line 210]
Event: 1.406 Thread 0x000000001a96a800 Exception <a 'java/lang/ClassNotFoundException': org/apache/log4j/PatternLayoutCustomizer> (0x00000000d78509f0) thrown at [C:\re\workspace\8-2-build-windows-amd64-cygwin\jdk8u191\11896\hotspot\src\share\vm\classfile\systemDictionary.cpp, line 210]

Events (10 events):
Event: 11.861 loading class edu/cmu/ri/createlab/util/MathUtils
Event: 11.861 loading class edu/cmu/ri/createlab/util/MathUtils done
Event: 25.381 Executing VM operation: RevokeBias
Event: 25.381 Executing VM operation: RevokeBias done
Event: 25.381 Thread 0x000000001ab58800 Thread exited: 0x000000001ab58800
Event: 28.061 Thread 0x000000001ab58800 Thread added: 0x000000001ab58800
Event: 28.061 Thread 0x000000001ab54000 Thread added: 0x000000001ab54000
Event: 28.062 Thread 0x000000001ab55800 Thread added: 0x000000001ab55800
Event: 28.062 Thread 0x000000001ab58800 Thread exited: 0x000000001ab58800
Event: 28.067 Thread 0x000000001ab54000 Thread exited: 0x000000001ab54000


Dynamic libraries:
0x00007ff61d360000 - 0x00007ff61d397000 	C:\Program Files\Java\jdk1.8.0_191\bin\javaw.exe
0x00007ffaea7f0000 - 0x00007ffaea9d1000 	C:\Windows\SYSTEM32\ntdll.dll
0x00007ffac4230000 - 0x00007ffac4242000 	C:\Program Files (x86)\AVG\Antivirus\aswhook.dll
0x00007ffae8050000 - 0x00007ffae8101000 	C:\Windows\System32\KERNEL32.DLL
0x00007ffae7810000 - 0x00007ffae7a83000 	C:\Windows\System32\KERNELBASE.dll
0x00007ffae9ea0000 - 0x00007ffae9f41000 	C:\Windows\System32\ADVAPI32.dll
0x00007ffae84a0000 - 0x00007ffae853e000 	C:\Windows\System32\msvcrt.dll
0x00007ffaea5f0000 - 0x00007ffaea64b000 	C:\Windows\System32\sechost.dll
0x00007ffae85f0000 - 0x00007ffae8714000 	C:\Windows\System32\RPCRT4.dll
0x00007ffae7cf0000 - 0x00007ffae7e80000 	C:\Windows\System32\USER32.dll
0x00007ffae6e70000 - 0x00007ffae6e90000 	C:\Windows\System32\win32u.dll
0x00007ffae8750000 - 0x00007ffae8778000 	C:\Windows\System32\GDI32.dll
0x00007ffae75f0000 - 0x00007ffae7782000 	C:\Windows\System32\gdi32full.dll
0x00007ffae6c20000 - 0x00007ffae6cbf000 	C:\Windows\System32\msvcp_win.dll
0x00007ffae6cc0000 - 0x00007ffae6db8000 	C:\Windows\System32\ucrtbase.dll
0x00007ffad8ba0000 - 0x00007ffad8e09000 	C:\Windows\WinSxS\amd64_microsoft.windows.common-controls_6595b64144ccf1df_6.0.17134.706_none_fb43a2cb30647007\COMCTL32.dll
0x00007ffae8170000 - 0x00007ffae8492000 	C:\Windows\System32\combase.dll
0x00007ffae7790000 - 0x00007ffae780a000 	C:\Windows\System32\bcryptPrimitives.dll
0x00007ffae8720000 - 0x00007ffae874d000 	C:\Windows\System32\IMM32.DLL
0x0000000064b60000 - 0x0000000064c32000 	C:\Program Files\Java\jdk1.8.0_191\jre\bin\msvcr100.dll
0x0000000064df0000 - 0x0000000065694000 	C:\Program Files\Java\jdk1.8.0_191\jre\bin\server\jvm.dll
0x00007ffae7c80000 - 0x00007ffae7c88000 	C:\Windows\System32\PSAPI.DLL
0x00007ffad03b0000 - 0x00007ffad03b9000 	C:\Windows\SYSTEM32\WSOCK32.dll
0x00007ffae9e30000 - 0x00007ffae9e9c000 	C:\Windows\System32\WS2_32.dll
0x00007ffae5310000 - 0x00007ffae5333000 	C:\Windows\SYSTEM32\WINMM.dll
0x00007ffad9270000 - 0x00007ffad927a000 	C:\Windows\SYSTEM32\VERSION.dll
0x00007ffae52e0000 - 0x00007ffae530a000 	C:\Windows\SYSTEM32\WINMMBASE.dll
0x00007ffae6e90000 - 0x00007ffae6ed9000 	C:\Windows\System32\cfgmgr32.dll
0x0000000064d00000 - 0x0000000064d0f000 	C:\Program Files\Java\jdk1.8.0_191\jre\bin\verify.dll
0x0000000064cd0000 - 0x0000000064cf9000 	C:\Program Files\Java\jdk1.8.0_191\jre\bin\java.dll
0x0000000064cb0000 - 0x0000000064cc6000 	C:\Program Files\Java\jdk1.8.0_191\jre\bin\zip.dll
0x00007ffae8870000 - 0x00007ffae9cb0000 	C:\Windows\System32\SHELL32.dll
0x00007ffae8540000 - 0x00007ffae85e9000 	C:\Windows\System32\shcore.dll
0x00007ffae6ee0000 - 0x00007ffae75ed000 	C:\Windows\System32\windows.storage.dll
0x00007ffae8110000 - 0x00007ffae8161000 	C:\Windows\System32\shlwapi.dll
0x00007ffae6ba0000 - 0x00007ffae6bb1000 	C:\Windows\System32\kernel.appcore.dll
0x00007ffae6b20000 - 0x00007ffae6b3f000 	C:\Windows\System32\profapi.dll
0x00007ffae6b40000 - 0x00007ffae6b8c000 	C:\Windows\System32\powrprof.dll
0x00007ffae6b90000 - 0x00007ffae6b9a000 	C:\Windows\System32\FLTLIB.DLL
0x00000000649c0000 - 0x0000000064b59000 	C:\Program Files\Java\jdk1.8.0_191\jre\bin\awt.dll
0x00007ffae7f80000 - 0x00007ffae8042000 	C:\Windows\System32\OLEAUT32.dll
0x00007ffae16c0000 - 0x00007ffae174b000 	C:\Windows\SYSTEM32\apphelp.dll
0x00007ffae4c00000 - 0x00007ffae4c29000 	C:\Windows\system32\DWMAPI.DLL
0x00007ffae4970000 - 0x00007ffae4a08000 	C:\Windows\system32\uxtheme.dll
0x00007ffae9cb0000 - 0x00007ffae9e23000 	C:\Windows\System32\MSCTF.dll
0x00007ffaea650000 - 0x00007ffaea7a1000 	C:\Windows\System32\ole32.dll
0x0000000064970000 - 0x00000000649b7000 	C:\Program Files\Java\jdk1.8.0_191\jre\bin\fontmanager.dll
0x00007ffacb4c0000 - 0x00007ffacb5e0000 	C:\Windows\system32\opengl32.dll
0x00007ffacb3e0000 - 0x00007ffacb40c000 	C:\Windows\SYSTEM32\GLU32.dll
0x0000000064c90000 - 0x0000000064caa000 	C:\Program Files\Java\jdk1.8.0_191\jre\bin\net.dll
0x00007ffae6380000 - 0x00007ffae63e6000 	C:\Windows\system32\mswsock.dll
0x0000000064c70000 - 0x0000000064c81000 	C:\Program Files\Java\jdk1.8.0_191\jre\bin\nio.dll
0x0000000064920000 - 0x0000000064962000 	C:\Program Files\Java\jdk1.8.0_191\jre\bin\t2k.dll
0x00007ffae9f60000 - 0x00007ffaea000000 	C:\Windows\System32\clbcatq.dll
0x00007ffadf7b0000 - 0x00007ffadf95e000 	C:\Windows\SYSTEM32\WindowsCodecs.dll
0x00007ffad7e30000 - 0x00007ffad7ec6000 	C:\Windows\System32\TextInputFramework.dll
0x00007ffadf290000 - 0x00007ffadf5ae000 	C:\Windows\System32\CoreUIComponents.dll
0x00007ffae14c0000 - 0x00007ffae159a000 	C:\Windows\System32\CoreMessaging.dll
0x00007ffae5bf0000 - 0x00007ffae5c21000 	C:\Windows\SYSTEM32\ntmarta.dll
0x00007ffadf080000 - 0x00007ffadf1cd000 	C:\Windows\SYSTEM32\wintypes.dll
0x00007ffae6530000 - 0x00007ffae6547000 	C:\Windows\SYSTEM32\CRYPTSP.dll
0x00007ffae5f60000 - 0x00007ffae5f93000 	C:\Windows\system32\rsaenh.dll
0x00007ffae6660000 - 0x00007ffae6685000 	C:\Windows\SYSTEM32\bcrypt.dll
0x00007ffae6a30000 - 0x00007ffae6a58000 	C:\Windows\SYSTEM32\USERENV.dll
0x00007ffae6550000 - 0x00007ffae655b000 	C:\Windows\SYSTEM32\CRYPTBASE.dll
0x00007ffae6100000 - 0x00007ffae6138000 	C:\Windows\SYSTEM32\IPHLPAPI.DLL
0x00007ffae9f50000 - 0x00007ffae9f58000 	C:\Windows\System32\NSI.dll
0x00007ffad9ab0000 - 0x00007ffad9ac6000 	C:\Windows\SYSTEM32\dhcpcsvc6.DLL
0x00007ffada540000 - 0x00007ffada55a000 	C:\Windows\SYSTEM32\dhcpcsvc.DLL
0x00007ffae54a0000 - 0x00007ffae54ac000 	C:\Windows\SYSTEM32\hid.dll
0x00007ffaea000000 - 0x00007ffaea44b000 	C:\Windows\System32\setupapi.dll
0x00007ffae6910000 - 0x00007ffae6937000 	C:\Windows\System32\DEVOBJ.dll
0x00007ffae6bc0000 - 0x00007ffae6c17000 	C:\Windows\System32\WINTRUST.dll
0x00007ffae6b00000 - 0x00007ffae6b12000 	C:\Windows\System32\MSASN1.dll
0x00007ffae7a90000 - 0x00007ffae7c72000 	C:\Windows\System32\CRYPT32.dll
0x00007ffae5550000 - 0x00007ffae5719000 	C:\Windows\SYSTEM32\dbghelp.dll

VM Arguments:
jvm_args: -Djava.library.path=C:\Users\Seb\University\Disso\Seb\opencv\build\java\x64 -Dfile.encoding=Cp1252 
java_command: Main.MainGenerator
java_class_path (initial): C:\Users\Seb\git\repository\MazeGenerator\bin;C:\Users\Seb\University\Disso\Seb\opencv\build\java\opencv-2413.jar;C:\Users\Seb\Downloads\FinchJavaEclipseWin (1)\Windows\FinchEclipse\lib\finch.jar
Launcher Type: SUN_STANDARD

Environment Variables:
PATH=C:/Program Files/Java/jdk1.8.0_191/jre/bin/server;C:/Program Files/Java/jdk1.8.0_191/jre/bin;C:/Program Files/Java/jdk1.8.0_191/jre/lib/amd64;C:\Program Files (x86)\Intel\Intel(R) Management Engine Components\iCLS\;C:\Program Files\Intel\Intel(R) Management Engine Components\iCLS\;C:\Windows\system32;C:\Windows;C:\Windows\System32\Wbem;C:\Windows\System32\WindowsPowerShell\v1.0\;C:\Windows\System32\OpenSSH\;C:\Program Files (x86)\Intel\Intel(R) Management Engine Components\DAL;C:\Program Files\Intel\Intel(R) Management Engine Components\DAL;C:\Program Files\dotnet\;C:\Program Files\nodejs\;C:\Program Files\Git\cmd;C:\Users\Seb\AppData\Local\Microsoft\WindowsApps;C:\Users\Seb\AppData\Roaming\npm;C:\Windows\system32;
USERNAME=Seb
OS=Windows_NT
PROCESSOR_IDENTIFIER=Intel64 Family 6 Model 142 Stepping 10, GenuineIntel



---------------  S Y S T E M  ---------------

OS: Windows 10.0 , 64 bit Build 17134 (10.0.17134.706)

CPU:total 8 (initial active 8) (4 cores per cpu, 2 threads per core) family 6 model 142 stepping 10, cmov, cx8, fxsr, mmx, sse, sse2, sse3, ssse3, sse4.1, sse4.2, popcnt, avx, avx2, aes, clmul, erms, 3dnowpref, lzcnt, ht, tsc, tscinvbit, bmi1, bmi2, adx

Memory: 4k page, physical 8192040k(4023376k free), swap 11206696k(5469604k free)

vm_info: Java HotSpot(TM) 64-Bit Server VM (25.191-b12) for windows-amd64 JRE (1.8.0_191-b12), built on Oct  6 2018 09:29:03 by "java_re" with MS VC++ 10.0 (VS2010)

time: Tue Apr 30 15:46:45 2019
elapsed time: 28 seconds (0d 0h 0m 28s)

